2023-10-03 19:32:58,382 INFO MainKt [main] –ó–∞–ø—É—Å–∫ —Å–µ—Ä–≤–µ—Ä–∞...
2023-10-03 19:32:58,407 INFO MainKt [main] –°–µ—Ä–≤–µ—Ä —É—Å–ø–µ—à–Ω–æ –∑–∞–ø—É—â–µ–Ω
2023-10-03 19:32:58,408 INFO MainKt [main] –ü–æ–¥–∫–ª—é—á–µ–Ω–∏–µ –∫–ª–∏–µ–Ω—Ç–∞...
2023-10-03 19:35:02,302 INFO MainKt [main] –ó–∞–ø—É—Å–∫ —Å–µ—Ä–≤–µ—Ä–∞...
2023-10-03 19:35:02,308 INFO MainKt [main] –°–µ—Ä–≤–µ—Ä —É—Å–ø–µ—à–Ω–æ –∑–∞–ø—É—â–µ–Ω
2023-10-03 19:35:02,308 INFO MainKt [main] –ü–æ–¥–∫–ª—é—á–µ–Ω–∏–µ –∫–ª–∏–µ–Ω—Ç–∞...
2023-10-03 19:35:24,743 INFO MainKt [main] –ö–ª–∏–µ–Ω—Ç —É—Å–ø–µ—à–Ω–æ –ø–æ–¥–∫–ª—é—á–µ–Ω
2023-10-03 19:35:24,835 INFO MainKt [main] –ü–æ–ª—É—á–µ–Ω –∑–∞–ø—Ä–æ—Å –æ—Ç –∫–ª–∏–µ–Ω—Ç–∞
2023-10-03 19:35:24,847 INFO MainKt [main] –ì–æ—Ç–æ–≤ –æ—Ç–≤–µ—Ç –∫–ª–∏–µ–Ω—Ç—É
–û—Ç–ø—Ä–∞–≤–∫–∞
2023-10-03 19:35:24,853 INFO MainKt [main] –ü–æ–¥–∫–ª—é—á–µ–Ω–∏–µ –∫–ª–∏–µ–Ω—Ç–∞...
2023-10-03 19:35:45,166 INFO MainKt [main] –ö–ª–∏–µ–Ω—Ç —É—Å–ø–µ—à–Ω–æ –ø–æ–¥–∫–ª—é—á–µ–Ω
2023-10-03 19:35:45,168 INFO MainKt [main] –ü–æ–ª—É—á–µ–Ω –∑–∞–ø—Ä–æ—Å –æ—Ç –∫–ª–∏–µ–Ω—Ç–∞
2023-10-03 19:35:45,179 INFO MainKt [main] –ì–æ—Ç–æ–≤ –æ—Ç–≤–µ—Ç –∫–ª–∏–µ–Ω—Ç—É
–û—Ç–ø—Ä–∞–≤–∫–∞
2023-10-03 19:35:45,180 INFO MainKt [main] –ü–æ–¥–∫–ª—é—á–µ–Ω–∏–µ –∫–ª–∏–µ–Ω—Ç–∞...
2023-10-03 19:35:54,715 INFO MainKt [main] –ö–ª–∏–µ–Ω—Ç —É—Å–ø–µ—à–Ω–æ –ø–æ–¥–∫–ª—é—á–µ–Ω
2023-10-03 19:35:54,718 INFO MainKt [main] –ü–æ–ª—É—á–µ–Ω –∑–∞–ø—Ä–æ—Å –æ—Ç –∫–ª–∏–µ–Ω—Ç–∞
2023-10-03 19:35:54,719 INFO MainKt [main] –ì–æ—Ç–æ–≤ –æ—Ç–≤–µ—Ç –∫–ª–∏–µ–Ω—Ç—É
–û—Ç–ø—Ä–∞–≤–∫–∞
2023-10-03 19:35:54,719 INFO MainKt [main] –ü–æ–¥–∫–ª—é—á–µ–Ω–∏–µ –∫–ª–∏–µ–Ω—Ç–∞...
2023-10-03 19:36:02,442 INFO MainKt [main] –ö–ª–∏–µ–Ω—Ç —É—Å–ø–µ—à–Ω–æ –ø–æ–¥–∫–ª—é—á–µ–Ω
2023-10-03 19:36:02,444 INFO MainKt [main] –ü–æ–ª—É—á–µ–Ω –∑–∞–ø—Ä–æ—Å –æ—Ç –∫–ª–∏–µ–Ω—Ç–∞
2023-10-03 19:36:02,444 INFO MainKt [main] –ì–æ—Ç–æ–≤ –æ—Ç–≤–µ—Ç –∫–ª–∏–µ–Ω—Ç—É
–û—Ç–ø—Ä–∞–≤–∫–∞
2023-10-03 19:36:02,445 INFO MainKt [main] –ü–æ–¥–∫–ª—é—á–µ–Ω–∏–µ –∫–ª–∏–µ–Ω—Ç–∞...
2023-10-03 19:37:13,065 INFO MainKt [main] –ó–∞–ø—É—Å–∫ —Å–µ—Ä–≤–µ—Ä–∞...
2023-10-03 19:37:13,072 INFO MainKt [main] –°–µ—Ä–≤–µ—Ä —É—Å–ø–µ—à–Ω–æ –∑–∞–ø—É—â–µ–Ω
2023-10-03 19:37:13,073 INFO MainKt [main] –ü–æ–¥–∫–ª—é—á–µ–Ω–∏–µ –∫–ª–∏–µ–Ω—Ç–∞...
2023-10-03 19:37:17,384 INFO MainKt [main] –ö–ª–∏–µ–Ω—Ç —É—Å–ø–µ—à–Ω–æ –ø–æ–¥–∫–ª—é—á–µ–Ω
2023-10-03 19:37:17,458 INFO MainKt [main] –ü–æ–ª—É—á–µ–Ω –∑–∞–ø—Ä–æ—Å –æ—Ç –∫–ª–∏–µ–Ω—Ç–∞
2023-10-03 19:37:17,461 INFO MainKt [main] –ì–æ—Ç–æ–≤ –æ—Ç–≤–µ—Ç –∫–ª–∏–µ–Ω—Ç—É
–û—Ç–ø—Ä–∞–≤–∫–∞
2023-10-03 19:37:17,466 INFO MainKt [main] –ü–æ–¥–∫–ª—é—á–µ–Ω–∏–µ –∫–ª–∏–µ–Ω—Ç–∞...
2023-10-03 19:37:19,877 INFO MainKt [main] –ö–ª–∏–µ–Ω—Ç —É—Å–ø–µ—à–Ω–æ –ø–æ–¥–∫–ª—é—á–µ–Ω
2023-10-03 19:37:19,878 INFO MainKt [main] –ü–æ–ª—É—á–µ–Ω –∑–∞–ø—Ä–æ—Å –æ—Ç –∫–ª–∏–µ–Ω—Ç–∞
2023-10-03 19:37:19,888 INFO MainKt [main] –ì–æ—Ç–æ–≤ –æ—Ç–≤–µ—Ç –∫–ª–∏–µ–Ω—Ç—É
–û—Ç–ø—Ä–∞–≤–∫–∞
2023-10-03 19:37:19,888 INFO MainKt [main] –ü–æ–¥–∫–ª—é—á–µ–Ω–∏–µ –∫–ª–∏–µ–Ω—Ç–∞...
2023-10-03 19:37:22,911 INFO MainKt [main] –ö–ª–∏–µ–Ω—Ç —É—Å–ø–µ—à–Ω–æ –ø–æ–¥–∫–ª—é—á–µ–Ω
2023-10-03 19:37:22,913 INFO MainKt [main] –ü–æ–ª—É—á–µ–Ω –∑–∞–ø—Ä–æ—Å –æ—Ç –∫–ª–∏–µ–Ω—Ç–∞
2023-10-03 19:37:22,913 INFO MainKt [main] –ì–æ—Ç–æ–≤ –æ—Ç–≤–µ—Ç –∫–ª–∏–µ–Ω—Ç—É
–û—Ç–ø—Ä–∞–≤–∫–∞
2023-10-03 19:37:22,914 INFO MainKt [main] –ü–æ–¥–∫–ª—é—á–µ–Ω–∏–µ –∫–ª–∏–µ–Ω—Ç–∞...
2023-10-03 19:42:08,026 INFO MainKt [main] –ó–∞–ø—É—Å–∫ —Å–µ—Ä–≤–µ—Ä–∞...
2023-10-03 19:42:08,033 INFO MainKt [main] –°–µ—Ä–≤–µ—Ä —É—Å–ø–µ—à–Ω–æ –∑–∞–ø—É—â–µ–Ω
2023-10-03 19:42:08,033 INFO MainKt [main] –ü–æ–¥–∫–ª—é—á–µ–Ω–∏–µ –∫–ª–∏–µ–Ω—Ç–∞...
2023-10-03 19:42:25,193 INFO MainKt [main] –ö–ª–∏–µ–Ω—Ç —É—Å–ø–µ—à–Ω–æ –ø–æ–¥–∫–ª—é—á–µ–Ω
2023-10-03 19:42:25,280 INFO MainKt [main] –ü–æ–ª—É—á–µ–Ω –∑–∞–ø—Ä–æ—Å –æ—Ç –∫–ª–∏–µ–Ω—Ç–∞
2023-10-03 19:42:25,283 INFO MainKt [main] –ì–æ—Ç–æ–≤ –æ—Ç–≤–µ—Ç –∫–ª–∏–µ–Ω—Ç—É
–û—Ç–ø—Ä–∞–≤–∫–∞
2023-10-03 19:42:25,290 INFO MainKt [main] –ü–æ–¥–∫–ª—é—á–µ–Ω–∏–µ –∫–ª–∏–µ–Ω—Ç–∞...
2023-10-03 19:42:28,695 INFO MainKt [main] –ö–ª–∏–µ–Ω—Ç —É—Å–ø–µ—à–Ω–æ –ø–æ–¥–∫–ª—é—á–µ–Ω
2023-10-03 19:42:38,304 INFO MainKt [main] –ü–æ–ª—É—á–µ–Ω –∑–∞–ø—Ä–æ—Å –æ—Ç –∫–ª–∏–µ–Ω—Ç–∞
2023-10-03 19:42:38,379 INFO MainKt [main] –ì–æ—Ç–æ–≤ –æ—Ç–≤–µ—Ç –∫–ª–∏–µ–Ω—Ç—É
–û—Ç–ø—Ä–∞–≤–∫–∞
2023-10-03 19:42:38,379 INFO MainKt [main] –ü–æ–¥–∫–ª—é—á–µ–Ω–∏–µ –∫–ª–∏–µ–Ω—Ç–∞...
2023-10-03 19:42:45,757 INFO MainKt [main] –ö–ª–∏–µ–Ω—Ç —É—Å–ø–µ—à–Ω–æ –ø–æ–¥–∫–ª—é—á–µ–Ω
2023-10-03 19:42:45,759 INFO MainKt [main] –ü–æ–ª—É—á–µ–Ω –∑–∞–ø—Ä–æ—Å –æ—Ç –∫–ª–∏–µ–Ω—Ç–∞
2023-10-03 19:42:45,762 INFO MainKt [main] –ì–æ—Ç–æ–≤ –æ—Ç–≤–µ—Ç –∫–ª–∏–µ–Ω—Ç—É
–û—Ç–ø—Ä–∞–≤–∫–∞
2023-10-03 19:42:45,763 INFO MainKt [main] –ü–æ–¥–∫–ª—é—á–µ–Ω–∏–µ –∫–ª–∏–µ–Ω—Ç–∞...
2023-10-03 19:42:53,280 INFO MainKt [main] –ö–ª–∏–µ–Ω—Ç —É—Å–ø–µ—à–Ω–æ –ø–æ–¥–∫–ª—é—á–µ–Ω
2023-10-03 19:42:59,680 INFO MainKt [main] –ü–æ–ª—É—á–µ–Ω –∑–∞–ø—Ä–æ—Å –æ—Ç –∫–ª–∏–µ–Ω—Ç–∞
2023-10-03 19:42:59,731 INFO MainKt [main] –ì–æ—Ç–æ–≤ –æ—Ç–≤–µ—Ç –∫–ª–∏–µ–Ω—Ç—É
–û—Ç–ø—Ä–∞–≤–∫–∞
2023-10-03 19:42:59,732 INFO MainKt [main] –ü–æ–¥–∫–ª—é—á–µ–Ω–∏–µ –∫–ª–∏–µ–Ω—Ç–∞...
2023-10-03 19:43:03,241 INFO MainKt [main] –ö–ª–∏–µ–Ω—Ç —É—Å–ø–µ—à–Ω–æ –ø–æ–¥–∫–ª—é—á–µ–Ω
2023-10-03 19:43:03,243 INFO MainKt [main] –ü–æ–ª—É—á–µ–Ω –∑–∞–ø—Ä–æ—Å –æ—Ç –∫–ª–∏–µ–Ω—Ç–∞
2023-10-03 19:43:03,245 INFO MainKt [main] –ì–æ—Ç–æ–≤ –æ—Ç–≤–µ—Ç –∫–ª–∏–µ–Ω—Ç—É
–û—Ç–ø—Ä–∞–≤–∫–∞
2023-10-03 19:43:03,246 INFO MainKt [main] –ü–æ–¥–∫–ª—é—á–µ–Ω–∏–µ –∫–ª–∏–µ–Ω—Ç–∞...
2023-10-03 19:43:09,303 INFO MainKt [main] –ö–ª–∏–µ–Ω—Ç —É—Å–ø–µ—à–Ω–æ –ø–æ–¥–∫–ª—é—á–µ–Ω
2023-10-03 19:43:09,305 INFO MainKt [main] –ü–æ–ª—É—á–µ–Ω –∑–∞–ø—Ä–æ—Å –æ—Ç –∫–ª–∏–µ–Ω—Ç–∞
2023-10-03 19:43:09,305 INFO MainKt [main] –ì–æ—Ç–æ–≤ –æ—Ç–≤–µ—Ç –∫–ª–∏–µ–Ω—Ç—É
–û—Ç–ø—Ä–∞–≤–∫–∞
2023-10-03 19:43:09,305 INFO MainKt [main] –ü–æ–¥–∫–ª—é—á–µ–Ω–∏–µ –∫–ª–∏–µ–Ω—Ç–∞...
2023-10-03 19:43:12,579 INFO MainKt [main] –ö–ª–∏–µ–Ω—Ç —É—Å–ø–µ—à–Ω–æ –ø–æ–¥–∫–ª—é—á–µ–Ω
2023-10-03 19:43:40,251 INFO MainKt [main] –ü–æ–ª—É—á–µ–Ω –∑–∞–ø—Ä–æ—Å –æ—Ç –∫–ª–∏–µ–Ω—Ç–∞
2023-10-03 19:43:40,251 INFO MainKt [main] –ì–æ—Ç–æ–≤ –æ—Ç–≤–µ—Ç –∫–ª–∏–µ–Ω—Ç—É
–û—Ç–ø—Ä–∞–≤–∫–∞
2023-10-03 19:43:40,252 INFO MainKt [main] –ü–æ–¥–∫–ª—é—á–µ–Ω–∏–µ –∫–ª–∏–µ–Ω—Ç–∞...
2023-10-03 19:46:34,220 INFO MainKt [main] –ó–∞–ø—É—Å–∫ —Å–µ—Ä–≤–µ—Ä–∞...
2023-10-03 19:46:34,228 INFO MainKt [main] –°–µ—Ä–≤–µ—Ä —É—Å–ø–µ—à–Ω–æ –∑–∞–ø—É—â–µ–Ω
2023-10-03 19:46:34,228 INFO MainKt [main] –ü–æ–¥–∫–ª—é—á–µ–Ω–∏–µ –∫–ª–∏–µ–Ω—Ç–∞...
2023-10-03 19:46:38,241 INFO MainKt [main] –ö–ª–∏–µ–Ω—Ç —É—Å–ø–µ—à–Ω–æ –ø–æ–¥–∫–ª—é—á–µ–Ω
2023-10-03 19:46:38,314 INFO MainKt [main] –ü–æ–ª—É—á–µ–Ω –∑–∞–ø—Ä–æ—Å –æ—Ç –∫–ª–∏–µ–Ω—Ç–∞
2023-10-03 19:46:38,317 INFO MainKt [main] –ì–æ—Ç–æ–≤ –æ—Ç–≤–µ—Ç –∫–ª–∏–µ–Ω—Ç—É
–û—Ç–ø—Ä–∞–≤–∫–∞
2023-10-03 19:46:38,323 INFO MainKt [main] –ü–æ–¥–∫–ª—é—á–µ–Ω–∏–µ –∫–ª–∏–µ–Ω—Ç–∞...
2023-10-03 19:46:41,959 INFO MainKt [main] –ö–ª–∏–µ–Ω—Ç —É—Å–ø–µ—à–Ω–æ –ø–æ–¥–∫–ª—é—á–µ–Ω
2023-10-03 19:46:48,816 INFO MainKt [main] –ü–æ–ª—É—á–µ–Ω –∑–∞–ø—Ä–æ—Å –æ—Ç –∫–ª–∏–µ–Ω—Ç–∞
2023-10-03 19:46:48,876 INFO MainKt [main] –ì–æ—Ç–æ–≤ –æ—Ç–≤–µ—Ç –∫–ª–∏–µ–Ω—Ç—É
–û—Ç–ø—Ä–∞–≤–∫–∞
2023-10-03 19:46:48,877 INFO MainKt [main] –ü–æ–¥–∫–ª—é—á–µ–Ω–∏–µ –∫–ª–∏–µ–Ω—Ç–∞...
2023-10-03 19:46:51,186 INFO MainKt [main] –ö–ª–∏–µ–Ω—Ç —É—Å–ø–µ—à–Ω–æ –ø–æ–¥–∫–ª—é—á–µ–Ω
2023-10-03 19:46:51,188 INFO MainKt [main] –ü–æ–ª—É—á–µ–Ω –∑–∞–ø—Ä–æ—Å –æ—Ç –∫–ª–∏–µ–Ω—Ç–∞
2023-10-03 19:46:51,190 INFO MainKt [main] –ì–æ—Ç–æ–≤ –æ—Ç–≤–µ—Ç –∫–ª–∏–µ–Ω—Ç—É
–û—Ç–ø—Ä–∞–≤–∫–∞
2023-10-03 19:46:51,192 INFO MainKt [main] –ü–æ–¥–∫–ª—é—á–µ–Ω–∏–µ –∫–ª–∏–µ–Ω—Ç–∞...
2023-10-03 19:46:51,784 INFO MainKt [main] –ö–ª–∏–µ–Ω—Ç —É—Å–ø–µ—à–Ω–æ –ø–æ–¥–∫–ª—é—á–µ–Ω
2023-10-03 19:47:06,048 INFO MainKt [main] –ü–æ–ª—É—á–µ–Ω –∑–∞–ø—Ä–æ—Å –æ—Ç –∫–ª–∏–µ–Ω—Ç–∞
2023-10-03 19:47:06,048 INFO MainKt [main] –ì–æ—Ç–æ–≤ –æ—Ç–≤–µ—Ç –∫–ª–∏–µ–Ω—Ç—É
–û—Ç–ø—Ä–∞–≤–∫–∞
2023-10-03 19:47:06,049 INFO MainKt [main] –ü–æ–¥–∫–ª—é—á–µ–Ω–∏–µ –∫–ª–∏–µ–Ω—Ç–∞...
2023-10-03 19:50:35,935 INFO MainKt [main] –ó–∞–ø—É—Å–∫ —Å–µ—Ä–≤–µ—Ä–∞...
2023-10-03 19:50:35,944 INFO MainKt [main] –°–µ—Ä–≤–µ—Ä —É—Å–ø–µ—à–Ω–æ –∑–∞–ø—É—â–µ–Ω
2023-10-03 19:50:35,945 INFO MainKt [main] –ü–æ–¥–∫–ª—é—á–µ–Ω–∏–µ –∫–ª–∏–µ–Ω—Ç–∞...
2023-10-03 19:50:46,428 INFO MainKt [main] –ö–ª–∏–µ–Ω—Ç —É—Å–ø–µ—à–Ω–æ –ø–æ–¥–∫–ª—é—á–µ–Ω
2023-10-03 19:50:46,515 INFO MainKt [main] –ü–æ–ª—É—á–µ–Ω –∑–∞–ø—Ä–æ—Å –æ—Ç –∫–ª–∏–µ–Ω—Ç–∞
2023-10-03 19:50:46,519 INFO MainKt [main] –ì–æ—Ç–æ–≤ –æ—Ç–≤–µ—Ç –∫–ª–∏–µ–Ω—Ç—É
–û—Ç–ø—Ä–∞–≤–∫–∞
2023-10-03 19:50:46,525 INFO MainKt [main] –ü–æ–¥–∫–ª—é—á–µ–Ω–∏–µ –∫–ª–∏–µ–Ω—Ç–∞...
2023-10-03 19:50:49,627 INFO MainKt [main] –ö–ª–∏–µ–Ω—Ç —É—Å–ø–µ—à–Ω–æ –ø–æ–¥–∫–ª—é—á–µ–Ω
2023-10-03 19:51:06,276 INFO MainKt [main] –ü–æ–ª—É—á–µ–Ω –∑–∞–ø—Ä–æ—Å –æ—Ç –∫–ª–∏–µ–Ω—Ç–∞
2023-10-03 19:51:06,355 INFO MainKt [main] –ì–æ—Ç–æ–≤ –æ—Ç–≤–µ—Ç –∫–ª–∏–µ–Ω—Ç—É
–û—Ç–ø—Ä–∞–≤–∫–∞
2023-10-03 19:51:06,355 INFO MainKt [main] –ü–æ–¥–∫–ª—é—á–µ–Ω–∏–µ –∫–ª–∏–µ–Ω—Ç–∞...
2023-10-03 19:51:10,128 INFO MainKt [main] –ö–ª–∏–µ–Ω—Ç —É—Å–ø–µ—à–Ω–æ –ø–æ–¥–∫–ª—é—á–µ–Ω
2023-10-03 19:51:11,363 INFO MainKt [main] –ü–æ–ª—É—á–µ–Ω –∑–∞–ø—Ä–æ—Å –æ—Ç –∫–ª–∏–µ–Ω—Ç–∞
2023-10-03 19:51:11,423 INFO MainKt [main] –ì–æ—Ç–æ–≤ –æ—Ç–≤–µ—Ç –∫–ª–∏–µ–Ω—Ç—É
–û—Ç–ø—Ä–∞–≤–∫–∞
2023-10-03 19:51:11,424 INFO MainKt [main] –ü–æ–¥–∫–ª—é—á–µ–Ω–∏–µ –∫–ª–∏–µ–Ω—Ç–∞...
2023-10-03 19:51:13,273 INFO MainKt [main] –ö–ª–∏–µ–Ω—Ç —É—Å–ø–µ—à–Ω–æ –ø–æ–¥–∫–ª—é—á–µ–Ω
2023-10-03 19:51:53,838 INFO MainKt [main] –ü–æ–ª—É—á–µ–Ω –∑–∞–ø—Ä–æ—Å –æ—Ç –∫–ª–∏–µ–Ω—Ç–∞
2023-10-03 21:41:27,540 INFO MainKt [main] –ó–∞–ø—É—Å–∫ —Å–µ—Ä–≤–µ—Ä–∞...
2023-10-03 21:41:27,547 INFO MainKt [main] –°–µ—Ä–≤–µ—Ä —É—Å–ø–µ—à–Ω–æ –∑–∞–ø—É—â–µ–Ω
2023-10-03 21:41:27,547 INFO MainKt [main] –ü–æ–¥–∫–ª—é—á–µ–Ω–∏–µ –∫–ª–∏–µ–Ω—Ç–∞...
2023-10-03 21:41:32,404 INFO MainKt [main] –ö–ª–∏–µ–Ω—Ç —É—Å–ø–µ—à–Ω–æ –ø–æ–¥–∫–ª—é—á–µ–Ω
2023-10-03 21:41:32,480 INFO MainKt [main] –ü–æ–ª—É—á–µ–Ω –∑–∞–ø—Ä–æ—Å –æ—Ç –∫–ª–∏–µ–Ω—Ç–∞
2023-10-03 21:41:32,483 INFO MainKt [main] –ì–æ—Ç–æ–≤ –æ—Ç–≤–µ—Ç –∫–ª–∏–µ–Ω—Ç—É
–û—Ç–ø—Ä–∞–≤–∫–∞
2023-10-03 21:41:32,490 INFO MainKt [main] –ü–æ–¥–∫–ª—é—á–µ–Ω–∏–µ –∫–ª–∏–µ–Ω—Ç–∞...
2023-10-03 21:41:33,980 INFO MainKt [main] –ö–ª–∏–µ–Ω—Ç —É—Å–ø–µ—à–Ω–æ –ø–æ–¥–∫–ª—é—á–µ–Ω
2023-10-03 21:41:33,982 INFO MainKt [main] –ü–æ–ª—É—á–µ–Ω –∑–∞–ø—Ä–æ—Å –æ—Ç –∫–ª–∏–µ–Ω—Ç–∞
2023-10-03 21:41:33,983 INFO MainKt [main] –ì–æ—Ç–æ–≤ –æ—Ç–≤–µ—Ç –∫–ª–∏–µ–Ω—Ç—É
–û—Ç–ø—Ä–∞–≤–∫–∞
2023-10-03 21:41:33,983 INFO MainKt [main] –ü–æ–¥–∫–ª—é—á–µ–Ω–∏–µ –∫–ª–∏–µ–Ω—Ç–∞...
2023-10-03 21:41:34,376 INFO MainKt [main] –ö–ª–∏–µ–Ω—Ç —É—Å–ø–µ—à–Ω–æ –ø–æ–¥–∫–ª—é—á–µ–Ω
2023-10-03 21:41:34,378 INFO MainKt [main] –ü–æ–ª—É—á–µ–Ω –∑–∞–ø—Ä–æ—Å –æ—Ç –∫–ª–∏–µ–Ω—Ç–∞
2023-10-03 21:41:34,380 INFO MainKt [main] –ì–æ—Ç–æ–≤ –æ—Ç–≤–µ—Ç –∫–ª–∏–µ–Ω—Ç—É
–û—Ç–ø—Ä–∞–≤–∫–∞
2023-10-03 21:41:34,381 INFO MainKt [main] –ü–æ–¥–∫–ª—é—á–µ–Ω–∏–µ –∫–ª–∏–µ–Ω—Ç–∞...
2023-10-03 21:41:37,764 INFO MainKt [main] –ö–ª–∏–µ–Ω—Ç —É—Å–ø–µ—à–Ω–æ –ø–æ–¥–∫–ª—é—á–µ–Ω
2023-10-03 21:41:37,767 INFO MainKt [main] –ü–æ–ª—É—á–µ–Ω –∑–∞–ø—Ä–æ—Å –æ—Ç –∫–ª–∏–µ–Ω—Ç–∞
2023-10-03 21:41:37,768 INFO MainKt [main] –ì–æ—Ç–æ–≤ –æ—Ç–≤–µ—Ç –∫–ª–∏–µ–Ω—Ç—É
–û—Ç–ø—Ä–∞–≤–∫–∞
2023-10-03 21:41:37,769 INFO MainKt [main] –ü–æ–¥–∫–ª—é—á–µ–Ω–∏–µ –∫–ª–∏–µ–Ω—Ç–∞...
2023-10-03 21:41:41,873 INFO MainKt [main] –ö–ª–∏–µ–Ω—Ç —É—Å–ø–µ—à–Ω–æ –ø–æ–¥–∫–ª—é—á–µ–Ω
2023-10-03 21:41:43,061 INFO MainKt [main] –ü–æ–ª—É—á–µ–Ω –∑–∞–ø—Ä–æ—Å –æ—Ç –∫–ª–∏–µ–Ω—Ç–∞
2023-10-03 21:41:43,126 INFO MainKt [main] –ì–æ—Ç–æ–≤ –æ—Ç–≤–µ—Ç –∫–ª–∏–µ–Ω—Ç—É
–û—Ç–ø—Ä–∞–≤–∫–∞
2023-10-03 21:41:43,126 INFO MainKt [main] –ü–æ–¥–∫–ª—é—á–µ–Ω–∏–µ –∫–ª–∏–µ–Ω—Ç–∞...
2023-10-03 21:41:45,164 INFO MainKt [main] –ö–ª–∏–µ–Ω—Ç —É—Å–ø–µ—à–Ω–æ –ø–æ–¥–∫–ª—é—á–µ–Ω
2023-10-03 21:41:56,038 INFO MainKt [main] –ü–æ–ª—É—á–µ–Ω –∑–∞–ø—Ä–æ—Å –æ—Ç –∫–ª–∏–µ–Ω—Ç–∞
2023-10-03 21:41:56,112 INFO MainKt [main] –ì–æ—Ç–æ–≤ –æ—Ç–≤–µ—Ç –∫–ª–∏–µ–Ω—Ç—É
–û—Ç–ø—Ä–∞–≤–∫–∞
2023-10-03 21:41:56,113 INFO MainKt [main] –ü–æ–¥–∫–ª—é—á–µ–Ω–∏–µ –∫–ª–∏–µ–Ω—Ç–∞...
2023-10-03 21:42:01,803 INFO MainKt [main] –ö–ª–∏–µ–Ω—Ç —É—Å–ø–µ—à–Ω–æ –ø–æ–¥–∫–ª—é—á–µ–Ω
2023-10-03 21:42:01,805 INFO MainKt [main] –ü–æ–ª—É—á–µ–Ω –∑–∞–ø—Ä–æ—Å –æ—Ç –∫–ª–∏–µ–Ω—Ç–∞
2023-10-03 21:42:01,807 INFO MainKt [main] –ì–æ—Ç–æ–≤ –æ—Ç–≤–µ—Ç –∫–ª–∏–µ–Ω—Ç—É
–û—Ç–ø—Ä–∞–≤–∫–∞
2023-10-03 21:42:01,807 INFO MainKt [main] –ü–æ–¥–∫–ª—é—á–µ–Ω–∏–µ –∫–ª–∏–µ–Ω—Ç–∞...
2023-10-03 21:42:05,198 INFO MainKt [main] –ö–ª–∏–µ–Ω—Ç —É—Å–ø–µ—à–Ω–æ –ø–æ–¥–∫–ª—é—á–µ–Ω
2023-10-03 21:42:05,201 INFO MainKt [main] –ü–æ–ª—É—á–µ–Ω –∑–∞–ø—Ä–æ—Å –æ—Ç –∫–ª–∏–µ–Ω—Ç–∞
2023-10-03 21:42:05,203 INFO MainKt [main] –ì–æ—Ç–æ–≤ –æ—Ç–≤–µ—Ç –∫–ª–∏–µ–Ω—Ç—É
–û—Ç–ø—Ä–∞–≤–∫–∞
2023-10-03 21:42:05,203 INFO MainKt [main] –ü–æ–¥–∫–ª—é—á–µ–Ω–∏–µ –∫–ª–∏–µ–Ω—Ç–∞...
2023-10-03 21:42:19,175 INFO MainKt [main] –ö–ª–∏–µ–Ω—Ç —É—Å–ø–µ—à–Ω–æ –ø–æ–¥–∫–ª—é—á–µ–Ω
2023-10-03 21:42:19,177 INFO MainKt [main] –ü–æ–ª—É—á–µ–Ω –∑–∞–ø—Ä–æ—Å –æ—Ç –∫–ª–∏–µ–Ω—Ç–∞
2023-10-03 21:42:19,177 INFO MainKt [main] –ì–æ—Ç–æ–≤ –æ—Ç–≤–µ—Ç –∫–ª–∏–µ–Ω—Ç—É
–û—Ç–ø—Ä–∞–≤–∫–∞
2023-10-03 21:42:19,178 INFO MainKt [main] –ü–æ–¥–∫–ª—é—á–µ–Ω–∏–µ –∫–ª–∏–µ–Ω—Ç–∞...
2023-10-03 21:42:27,799 ERROR MainKt [Thread-0] –û—à–∏–±–∫–∞! –ù–µ–≤–æ–∑–º–æ–∂–Ω–æ —Å–æ—Ö—Ä–∞–Ω–∏—Ç—å!
2023-10-03 21:42:27,800 INFO MainKt [Thread-0] –ó–∞–≤–µ—Ä—à–µ–Ω–∏–µ —Ä–∞–±–æ—Ç—ã —Å–µ—Ä–≤–µ—Ä–∞...
2023-10-03 21:42:27,800 INFO MainKt [Thread-0] –†–∞–±–æ—Ç–∞ —Å–µ—Ä–≤–µ—Ä–∞ –∑–∞–≤–µ—Ä—à–µ–Ω–∞
2023-10-03 21:46:51,067 INFO MainKt [main] –ó–∞–ø—É—Å–∫ —Å–µ—Ä–≤–µ—Ä–∞...
2023-10-03 21:46:51,075 INFO MainKt [main] –°–µ—Ä–≤–µ—Ä —É—Å–ø–µ—à–Ω–æ –∑–∞–ø—É—â–µ–Ω
2023-10-03 21:46:51,075 INFO MainKt [main] –ü–æ–¥–∫–ª—é—á–µ–Ω–∏–µ –∫–ª–∏–µ–Ω—Ç–∞...
2023-10-03 21:47:20,763 INFO MainKt [main] –ö–ª–∏–µ–Ω—Ç —É—Å–ø–µ—à–Ω–æ –ø–æ–¥–∫–ª—é—á–µ–Ω
2023-10-03 21:47:20,838 INFO MainKt [main] –ü–æ–ª—É—á–µ–Ω –∑–∞–ø—Ä–æ—Å –æ—Ç –∫–ª–∏–µ–Ω—Ç–∞
2023-10-03 21:47:20,841 INFO MainKt [main] –ì–æ—Ç–æ–≤ –æ—Ç–≤–µ—Ç –∫–ª–∏–µ–Ω—Ç—É
–û—Ç–ø—Ä–∞–≤–∫–∞
2023-10-03 21:47:20,846 INFO MainKt [main] –ü–æ–¥–∫–ª—é—á–µ–Ω–∏–µ –∫–ª–∏–µ–Ω—Ç–∞...
2023-10-03 21:47:23,945 INFO MainKt [main] –ö–ª–∏–µ–Ω—Ç —É—Å–ø–µ—à–Ω–æ –ø–æ–¥–∫–ª—é—á–µ–Ω
2023-10-03 21:47:23,947 INFO MainKt [main] –ü–æ–ª—É—á–µ–Ω –∑–∞–ø—Ä–æ—Å –æ—Ç –∫–ª–∏–µ–Ω—Ç–∞
2023-10-03 21:47:23,949 INFO MainKt [main] –ì–æ—Ç–æ–≤ –æ—Ç–≤–µ—Ç –∫–ª–∏–µ–Ω—Ç—É
–û—Ç–ø—Ä–∞–≤–∫–∞
2023-10-03 21:47:23,952 INFO MainKt [main] –ü–æ–¥–∫–ª—é—á–µ–Ω–∏–µ –∫–ª–∏–µ–Ω—Ç–∞...
2023-10-03 21:47:25,795 INFO MainKt [main] –ö–ª–∏–µ–Ω—Ç —É—Å–ø–µ—à–Ω–æ –ø–æ–¥–∫–ª—é—á–µ–Ω
2023-10-03 21:47:29,341 INFO MainKt [main] –ü–æ–ª—É—á–µ–Ω –∑–∞–ø—Ä–æ—Å –æ—Ç –∫–ª–∏–µ–Ω—Ç–∞
2023-10-03 21:47:29,400 INFO MainKt [main] –ì–æ—Ç–æ–≤ –æ—Ç–≤–µ—Ç –∫–ª–∏–µ–Ω—Ç—É
–û—Ç–ø—Ä–∞–≤–∫–∞
2023-10-03 21:47:29,401 INFO MainKt [main] –ü–æ–¥–∫–ª—é—á–µ–Ω–∏–µ –∫–ª–∏–µ–Ω—Ç–∞...
2023-10-03 21:47:31,960 INFO MainKt [main] –ö–ª–∏–µ–Ω—Ç —É—Å–ø–µ—à–Ω–æ –ø–æ–¥–∫–ª—é—á–µ–Ω
2023-10-03 21:47:43,245 INFO MainKt [main] –ü–æ–ª—É—á–µ–Ω –∑–∞–ø—Ä–æ—Å –æ—Ç –∫–ª–∏–µ–Ω—Ç–∞
2023-10-03 21:48:19,525 INFO MainKt [main] –ó–∞–ø—É—Å–∫ —Å–µ—Ä–≤–µ—Ä–∞...
2023-10-03 21:48:19,531 INFO MainKt [main] –°–µ—Ä–≤–µ—Ä —É—Å–ø–µ—à–Ω–æ –∑–∞–ø—É—â–µ–Ω
2023-10-03 21:48:19,532 INFO MainKt [main] –ü–æ–¥–∫–ª—é—á–µ–Ω–∏–µ –∫–ª–∏–µ–Ω—Ç–∞...
2023-10-03 21:48:25,281 INFO MainKt [main] –ö–ª–∏–µ–Ω—Ç —É—Å–ø–µ—à–Ω–æ –ø–æ–¥–∫–ª—é—á–µ–Ω
2023-10-03 21:48:26,570 INFO MainKt [main] –ü–æ–ª—É—á–µ–Ω –∑–∞–ø—Ä–æ—Å –æ—Ç –∫–ª–∏–µ–Ω—Ç–∞
2023-10-03 21:48:26,621 INFO MainKt [main] –ì–æ—Ç–æ–≤ –æ—Ç–≤–µ—Ç –∫–ª–∏–µ–Ω—Ç—É
–û—Ç–ø—Ä–∞–≤–∫–∞
2023-10-03 21:48:26,627 INFO MainKt [main] –ü–æ–¥–∫–ª—é—á–µ–Ω–∏–µ –∫–ª–∏–µ–Ω—Ç–∞...
2023-10-03 21:48:29,162 INFO MainKt [main] –ö–ª–∏–µ–Ω—Ç —É—Å–ø–µ—à–Ω–æ –ø–æ–¥–∫–ª—é—á–µ–Ω
2023-10-03 21:48:29,163 INFO MainKt [main] –ü–æ–ª—É—á–µ–Ω –∑–∞–ø—Ä–æ—Å –æ—Ç –∫–ª–∏–µ–Ω—Ç–∞
2023-10-03 21:48:29,166 INFO MainKt [main] –ì–æ—Ç–æ–≤ –æ—Ç–≤–µ—Ç –∫–ª–∏–µ–Ω—Ç—É
–û—Ç–ø—Ä–∞–≤–∫–∞
2023-10-03 21:48:29,169 INFO MainKt [main] –ü–æ–¥–∫–ª—é—á–µ–Ω–∏–µ –∫–ª–∏–µ–Ω—Ç–∞...
2023-10-03 21:48:31,666 INFO MainKt [main] –ö–ª–∏–µ–Ω—Ç —É—Å–ø–µ—à–Ω–æ –ø–æ–¥–∫–ª—é—á–µ–Ω
2023-10-03 21:48:31,668 INFO MainKt [main] –ü–æ–ª—É—á–µ–Ω –∑–∞–ø—Ä–æ—Å –æ—Ç –∫–ª–∏–µ–Ω—Ç–∞
2023-10-03 21:48:31,677 INFO MainKt [main] –ì–æ—Ç–æ–≤ –æ—Ç–≤–µ—Ç –∫–ª–∏–µ–Ω—Ç—É
–û—Ç–ø—Ä–∞–≤–∫–∞
2023-10-03 21:48:31,678 INFO MainKt [main] –ü–æ–¥–∫–ª—é—á–µ–Ω–∏–µ –∫–ª–∏–µ–Ω—Ç–∞...
2023-10-03 21:48:33,565 INFO MainKt [main] –ö–ª–∏–µ–Ω—Ç —É—Å–ø–µ—à–Ω–æ –ø–æ–¥–∫–ª—é—á–µ–Ω
2023-10-03 21:48:58,555 INFO MainKt [main] –ü–æ–ª—É—á–µ–Ω –∑–∞–ø—Ä–æ—Å –æ—Ç –∫–ª–∏–µ–Ω—Ç–∞
2023-10-03 21:50:13,097 INFO MainKt [main] –ó–∞–ø—É—Å–∫ —Å–µ—Ä–≤–µ—Ä–∞...
2023-10-03 21:50:13,104 INFO MainKt [main] –°–µ—Ä–≤–µ—Ä —É—Å–ø–µ—à–Ω–æ –∑–∞–ø—É—â–µ–Ω
2023-10-03 21:50:13,105 INFO MainKt [main] –ü–æ–¥–∫–ª—é—á–µ–Ω–∏–µ –∫–ª–∏–µ–Ω—Ç–∞...
2023-10-03 21:50:23,894 INFO MainKt [main] –ö–ª–∏–µ–Ω—Ç —É—Å–ø–µ—à–Ω–æ –ø–æ–¥–∫–ª—é—á–µ–Ω
2023-10-03 21:50:25,080 INFO MainKt [main] –ü–æ–ª—É—á–µ–Ω –∑–∞–ø—Ä–æ—Å –æ—Ç –∫–ª–∏–µ–Ω—Ç–∞
2023-10-03 21:50:25,157 INFO MainKt [main] –ì–æ—Ç–æ–≤ –æ—Ç–≤–µ—Ç –∫–ª–∏–µ–Ω—Ç—É
–û—Ç–ø—Ä–∞–≤–∫–∞
2023-10-03 21:50:25,163 INFO MainKt [main] –ü–æ–¥–∫–ª—é—á–µ–Ω–∏–µ –∫–ª–∏–µ–Ω—Ç–∞...
2023-10-03 21:50:26,992 INFO MainKt [main] –ö–ª–∏–µ–Ω—Ç —É—Å–ø–µ—à–Ω–æ –ø–æ–¥–∫–ª—é—á–µ–Ω
2023-10-03 21:50:36,422 INFO MainKt [main] –ü–æ–ª—É—á–µ–Ω –∑–∞–ø—Ä–æ—Å –æ—Ç –∫–ª–∏–µ–Ω—Ç–∞
2023-10-03 21:50:36,484 INFO MainKt [main] –ì–æ—Ç–æ–≤ –æ—Ç–≤–µ—Ç –∫–ª–∏–µ–Ω—Ç—É
–û—Ç–ø—Ä–∞–≤–∫–∞
2023-10-03 21:50:36,485 INFO MainKt [main] –ü–æ–¥–∫–ª—é—á–µ–Ω–∏–µ –∫–ª–∏–µ–Ω—Ç–∞...
2023-10-03 21:50:37,894 INFO MainKt [main] –ö–ª–∏–µ–Ω—Ç —É—Å–ø–µ—à–Ω–æ –ø–æ–¥–∫–ª—é—á–µ–Ω
2023-10-03 21:50:47,800 INFO MainKt [main] –ü–æ–ª—É—á–µ–Ω –∑–∞–ø—Ä–æ—Å –æ—Ç –∫–ª–∏–µ–Ω—Ç–∞
2023-10-03 21:50:47,849 INFO MainKt [main] –ì–æ—Ç–æ–≤ –æ—Ç–≤–µ—Ç –∫–ª–∏–µ–Ω—Ç—É
–û—Ç–ø—Ä–∞–≤–∫–∞
2023-10-03 21:50:47,850 INFO MainKt [main] –ü–æ–¥–∫–ª—é—á–µ–Ω–∏–µ –∫–ª–∏–µ–Ω—Ç–∞...
2023-10-03 21:50:56,449 INFO MainKt [main] –ö–ª–∏–µ–Ω—Ç —É—Å–ø–µ—à–Ω–æ –ø–æ–¥–∫–ª—é—á–µ–Ω
2023-10-03 21:50:56,450 INFO MainKt [main] –ü–æ–ª—É—á–µ–Ω –∑–∞–ø—Ä–æ—Å –æ—Ç –∫–ª–∏–µ–Ω—Ç–∞
2023-10-03 21:50:56,451 INFO MainKt [main] –ì–æ—Ç–æ–≤ –æ—Ç–≤–µ—Ç –∫–ª–∏–µ–Ω—Ç—É
–û—Ç–ø—Ä–∞–≤–∫–∞
2023-10-03 21:50:56,451 INFO MainKt [main] –ü–æ–¥–∫–ª—é—á–µ–Ω–∏–µ –∫–ª–∏–µ–Ω—Ç–∞...
2023-10-03 21:51:01,060 INFO MainKt [main] –ö–ª–∏–µ–Ω—Ç —É—Å–ø–µ—à–Ω–æ –ø–æ–¥–∫–ª—é—á–µ–Ω
2023-10-03 21:51:01,061 INFO MainKt [main] –ü–æ–ª—É—á–µ–Ω –∑–∞–ø—Ä–æ—Å –æ—Ç –∫–ª–∏–µ–Ω—Ç–∞
2023-10-03 21:51:01,061 INFO MainKt [main] –ì–æ—Ç–æ–≤ –æ—Ç–≤–µ—Ç –∫–ª–∏–µ–Ω—Ç—É
–û—Ç–ø—Ä–∞–≤–∫–∞
2023-10-03 21:51:01,062 INFO MainKt [main] –ü–æ–¥–∫–ª—é—á–µ–Ω–∏–µ –∫–ª–∏–µ–Ω—Ç–∞...
2023-10-03 21:51:12,210 ERROR MainKt [Thread-0] –û—à–∏–±–∫–∞! –ù–µ–≤–æ–∑–º–æ–∂–Ω–æ —Å–æ—Ö—Ä–∞–Ω–∏—Ç—å!
2023-10-03 21:51:12,210 INFO MainKt [Thread-0] –ó–∞–≤–µ—Ä—à–µ–Ω–∏–µ —Ä–∞–±–æ—Ç—ã —Å–µ—Ä–≤–µ—Ä–∞...
2023-10-03 21:51:12,211 INFO MainKt [Thread-0] –†–∞–±–æ—Ç–∞ —Å–µ—Ä–≤–µ—Ä–∞ –∑–∞–≤–µ—Ä—à–µ–Ω–∞
2023-10-03 21:51:24,805 INFO MainKt [main] –ó–∞–ø—É—Å–∫ —Å–µ—Ä–≤–µ—Ä–∞...
2023-10-03 21:51:24,812 INFO MainKt [main] –°–µ—Ä–≤–µ—Ä —É—Å–ø–µ—à–Ω–æ –∑–∞–ø—É—â–µ–Ω
2023-10-03 21:51:24,812 INFO MainKt [main] –ü–æ–¥–∫–ª—é—á–µ–Ω–∏–µ –∫–ª–∏–µ–Ω—Ç–∞...
2023-10-03 21:51:39,866 INFO MainKt [main] –ö–ª–∏–µ–Ω—Ç —É—Å–ø–µ—à–Ω–æ –ø–æ–¥–∫–ª—é—á–µ–Ω
2023-10-03 21:51:39,880 INFO MainKt [main] –ü–æ–ª—É—á–µ–Ω –∑–∞–ø—Ä–æ—Å –æ—Ç –∫–ª–∏–µ–Ω—Ç–∞
2023-10-03 21:51:39,884 INFO MainKt [main] –ì–æ—Ç–æ–≤ –æ—Ç–≤–µ—Ç –∫–ª–∏–µ–Ω—Ç—É
–û—Ç–ø—Ä–∞–≤–∫–∞
2023-10-03 21:51:39,891 INFO MainKt [main] –ü–æ–¥–∫–ª—é—á–µ–Ω–∏–µ –∫–ª–∏–µ–Ω—Ç–∞...
2023-10-03 21:51:44,602 INFO MainKt [main] –ö–ª–∏–µ–Ω—Ç —É—Å–ø–µ—à–Ω–æ –ø–æ–¥–∫–ª—é—á–µ–Ω
2023-10-03 21:51:46,343 INFO MainKt [main] –ü–æ–ª—É—á–µ–Ω –∑–∞–ø—Ä–æ—Å –æ—Ç –∫–ª–∏–µ–Ω—Ç–∞
2023-10-03 21:51:46,403 INFO MainKt [main] –ì–æ—Ç–æ–≤ –æ—Ç–≤–µ—Ç –∫–ª–∏–µ–Ω—Ç—É
–û—Ç–ø—Ä–∞–≤–∫–∞
2023-10-03 21:51:46,404 INFO MainKt [main] –ü–æ–¥–∫–ª—é—á–µ–Ω–∏–µ –∫–ª–∏–µ–Ω—Ç–∞...
2023-10-03 21:52:11,072 INFO MainKt [main] –ö–ª–∏–µ–Ω—Ç —É—Å–ø–µ—à–Ω–æ –ø–æ–¥–∫–ª—é—á–µ–Ω
2023-10-03 21:52:11,073 INFO MainKt [main] –ü–æ–ª—É—á–µ–Ω –∑–∞–ø—Ä–æ—Å –æ—Ç –∫–ª–∏–µ–Ω—Ç–∞
2023-10-03 21:52:11,074 INFO MainKt [main] –ì–æ—Ç–æ–≤ –æ—Ç–≤–µ—Ç –∫–ª–∏–µ–Ω—Ç—É
–û—Ç–ø—Ä–∞–≤–∫–∞
2023-10-03 21:52:11,076 INFO MainKt [main] –ö–ª–∏–µ–Ω—Ç 127.0.0.1 –æ—Ç–∫–ª—é—á–∏–ª—Å—è
2023-10-03 21:52:11,076 INFO MainKt [main] –ü–æ–¥–∫–ª—é—á–µ–Ω–∏–µ –∫–ª–∏–µ–Ω—Ç–∞...
2023-10-03 21:52:29,905 INFO MainKt [main] –ö–ª–∏–µ–Ω—Ç —É—Å–ø–µ—à–Ω–æ –ø–æ–¥–∫–ª—é—á–µ–Ω
2023-10-03 21:52:40,139 INFO MainKt [main] –ü–æ–ª—É—á–µ–Ω –∑–∞–ø—Ä–æ—Å –æ—Ç –∫–ª–∏–µ–Ω—Ç–∞
2023-10-03 21:55:07,685 INFO MainKt [main] –ó–∞–ø—É—Å–∫ —Å–µ—Ä–≤–µ—Ä–∞...
2023-10-03 21:55:07,692 INFO MainKt [main] –°–µ—Ä–≤–µ—Ä —É—Å–ø–µ—à–Ω–æ –∑–∞–ø—É—â–µ–Ω
2023-10-03 21:55:07,693 INFO MainKt [main] –ü–æ–¥–∫–ª—é—á–µ–Ω–∏–µ –∫–ª–∏–µ–Ω—Ç–∞...
2023-10-03 21:55:11,355 INFO MainKt [main] –ö–ª–∏–µ–Ω—Ç —É—Å–ø–µ—à–Ω–æ –ø–æ–¥–∫–ª—é—á–µ–Ω
2023-10-03 21:55:21,339 INFO MainKt [main] –ü–æ–ª—É—á–µ–Ω –∑–∞–ø—Ä–æ—Å –æ—Ç –∫–ª–∏–µ–Ω—Ç–∞
2023-10-03 21:55:49,791 INFO MainKt [main] –ó–∞–ø—É—Å–∫ —Å–µ—Ä–≤–µ—Ä–∞...
2023-10-03 21:55:49,800 INFO MainKt [main] –°–µ—Ä–≤–µ—Ä —É—Å–ø–µ—à–Ω–æ –∑–∞–ø—É—â–µ–Ω
2023-10-03 21:55:49,801 INFO MainKt [main] –ü–æ–¥–∫–ª—é—á–µ–Ω–∏–µ –∫–ª–∏–µ–Ω—Ç–∞...
2023-10-03 21:55:59,313 INFO MainKt [main] –ö–ª–∏–µ–Ω—Ç —É—Å–ø–µ—à–Ω–æ –ø–æ–¥–∫–ª—é—á–µ–Ω
2023-10-03 21:56:00,737 INFO MainKt [main] –ü–æ–ª—É—á–µ–Ω –∑–∞–ø—Ä–æ—Å –æ—Ç –∫–ª–∏–µ–Ω—Ç–∞
2023-10-03 21:56:00,791 INFO MainKt [main] –ì–æ—Ç–æ–≤ –æ—Ç–≤–µ—Ç –∫–ª–∏–µ–Ω—Ç—É
–û—Ç–ø—Ä–∞–≤–∫–∞
2023-10-03 21:56:00,800 INFO MainKt [main] –ü–æ–¥–∫–ª—é—á–µ–Ω–∏–µ –∫–ª–∏–µ–Ω—Ç–∞...
2023-10-03 21:56:14,023 INFO MainKt [main] –ö–ª–∏–µ–Ω—Ç —É—Å–ø–µ—à–Ω–æ –ø–æ–¥–∫–ª—é—á–µ–Ω
2023-10-03 21:56:15,897 INFO MainKt [main] –ü–æ–ª—É—á–µ–Ω –∑–∞–ø—Ä–æ—Å –æ—Ç –∫–ª–∏–µ–Ω—Ç–∞
2023-10-03 21:56:15,908 INFO MainKt [main] –ì–æ—Ç–æ–≤ –æ—Ç–≤–µ—Ç –∫–ª–∏–µ–Ω—Ç—É
–û—Ç–ø—Ä–∞–≤–∫–∞
2023-10-03 21:56:15,909 INFO MainKt [main] –ü–æ–¥–∫–ª—é—á–µ–Ω–∏–µ –∫–ª–∏–µ–Ω—Ç–∞...
2023-10-03 21:57:03,988 INFO MainKt [main] –ó–∞–ø—É—Å–∫ —Å–µ—Ä–≤–µ—Ä–∞...
2023-10-03 21:57:03,995 INFO MainKt [main] –°–µ—Ä–≤–µ—Ä —É—Å–ø–µ—à–Ω–æ –∑–∞–ø—É—â–µ–Ω
2023-10-03 21:57:03,995 INFO MainKt [main] –ü–æ–¥–∫–ª—é—á–µ–Ω–∏–µ –∫–ª–∏–µ–Ω—Ç–∞...
2023-10-03 21:57:09,355 INFO MainKt [main] –ö–ª–∏–µ–Ω—Ç —É—Å–ø–µ—à–Ω–æ –ø–æ–¥–∫–ª—é—á–µ–Ω
2023-10-03 21:57:10,577 INFO MainKt [main] –ü–æ–ª—É—á–µ–Ω –∑–∞–ø—Ä–æ—Å –æ—Ç –∫–ª–∏–µ–Ω—Ç–∞
2023-10-03 21:57:10,636 INFO MainKt [main] –ì–æ—Ç–æ–≤ –æ—Ç–≤–µ—Ç –∫–ª–∏–µ–Ω—Ç—É
–û—Ç–ø—Ä–∞–≤–∫–∞
2023-10-03 21:57:10,642 INFO MainKt [main] –ü–æ–¥–∫–ª—é—á–µ–Ω–∏–µ –∫–ª–∏–µ–Ω—Ç–∞...
2023-10-03 21:57:18,485 INFO MainKt [main] –ö–ª–∏–µ–Ω—Ç —É—Å–ø–µ—à–Ω–æ –ø–æ–¥–∫–ª—é—á–µ–Ω
2023-10-03 21:57:18,486 INFO MainKt [main] –ü–æ–ª—É—á–µ–Ω –∑–∞–ø—Ä–æ—Å –æ—Ç –∫–ª–∏–µ–Ω—Ç–∞
2023-10-03 21:57:18,488 INFO MainKt [main] –ì–æ—Ç–æ–≤ –æ—Ç–≤–µ—Ç –∫–ª–∏–µ–Ω—Ç—É
–û—Ç–ø—Ä–∞–≤–∫–∞
2023-10-03 21:57:18,489 INFO MainKt [ForkJoinPool.commonPool-worker-1] –ö–ª–∏–µ–Ω—Ç 127.0.0.1 –æ—Ç–∫–ª—é—á–∏–ª—Å—è
2023-10-03 21:57:18,489 INFO MainKt [main] –ü–æ–¥–∫–ª—é—á–µ–Ω–∏–µ –∫–ª–∏–µ–Ω—Ç–∞...
2023-10-03 21:57:28,099 INFO MainKt [main] –ö–ª–∏–µ–Ω—Ç —É—Å–ø–µ—à–Ω–æ –ø–æ–¥–∫–ª—é—á–µ–Ω
2023-10-03 21:57:32,440 INFO MainKt [main] –ü–æ–ª—É—á–µ–Ω –∑–∞–ø—Ä–æ—Å –æ—Ç –∫–ª–∏–µ–Ω—Ç–∞
2023-10-03 21:57:32,498 INFO MainKt [main] –ì–æ—Ç–æ–≤ –æ—Ç–≤–µ—Ç –∫–ª–∏–µ–Ω—Ç—É
–û—Ç–ø—Ä–∞–≤–∫–∞
2023-10-03 21:57:32,499 INFO MainKt [main] –ü–æ–¥–∫–ª—é—á–µ–Ω–∏–µ –∫–ª–∏–µ–Ω—Ç–∞...
2023-10-03 21:57:39,621 INFO MainKt [main] –ö–ª–∏–µ–Ω—Ç —É—Å–ø–µ—à–Ω–æ –ø–æ–¥–∫–ª—é—á–µ–Ω
2023-10-03 21:57:39,623 INFO MainKt [main] –ü–æ–ª—É—á–µ–Ω –∑–∞–ø—Ä–æ—Å –æ—Ç –∫–ª–∏–µ–Ω—Ç–∞
2023-10-03 21:57:39,623 INFO MainKt [main] –ì–æ—Ç–æ–≤ –æ—Ç–≤–µ—Ç –∫–ª–∏–µ–Ω—Ç—É
–û—Ç–ø—Ä–∞–≤–∫–∞
2023-10-03 21:57:39,625 INFO MainKt [main] –ü–æ–¥–∫–ª—é—á–µ–Ω–∏–µ –∫–ª–∏–µ–Ω—Ç–∞...
2023-10-03 21:57:40,077 INFO MainKt [main] –ö–ª–∏–µ–Ω—Ç —É—Å–ø–µ—à–Ω–æ –ø–æ–¥–∫–ª—é—á–µ–Ω
2023-10-03 21:57:40,078 INFO MainKt [main] –ü–æ–ª—É—á–µ–Ω –∑–∞–ø—Ä–æ—Å –æ—Ç –∫–ª–∏–µ–Ω—Ç–∞
2023-10-03 21:57:40,078 INFO MainKt [main] –ì–æ—Ç–æ–≤ –æ—Ç–≤–µ—Ç –∫–ª–∏–µ–Ω—Ç—É
–û—Ç–ø—Ä–∞–≤–∫–∞
2023-10-03 21:57:40,079 INFO MainKt [main] –ü–æ–¥–∫–ª—é—á–µ–Ω–∏–µ –∫–ª–∏–µ–Ω—Ç–∞...
2023-10-03 21:57:43,483 INFO MainKt [main] –ö–ª–∏–µ–Ω—Ç —É—Å–ø–µ—à–Ω–æ –ø–æ–¥–∫–ª—é—á–µ–Ω
2023-10-03 21:57:44,633 INFO MainKt [main] –ü–æ–ª—É—á–µ–Ω –∑–∞–ø—Ä–æ—Å –æ—Ç –∫–ª–∏–µ–Ω—Ç–∞
2023-10-03 21:57:44,646 INFO MainKt [main] –ì–æ—Ç–æ–≤ –æ—Ç–≤–µ—Ç –∫–ª–∏–µ–Ω—Ç—É
–û—Ç–ø—Ä–∞–≤–∫–∞
2023-10-03 21:57:44,647 INFO MainKt [main] –ü–æ–¥–∫–ª—é—á–µ–Ω–∏–µ –∫–ª–∏–µ–Ω—Ç–∞...
2023-10-03 21:57:47,077 INFO MainKt [main] –ö–ª–∏–µ–Ω—Ç —É—Å–ø–µ—à–Ω–æ –ø–æ–¥–∫–ª—é—á–µ–Ω
2023-10-03 21:57:47,078 INFO MainKt [main] –ü–æ–ª—É—á–µ–Ω –∑–∞–ø—Ä–æ—Å –æ—Ç –∫–ª–∏–µ–Ω—Ç–∞
2023-10-03 21:57:47,079 INFO MainKt [main] –ì–æ—Ç–æ–≤ –æ—Ç–≤–µ—Ç –∫–ª–∏–µ–Ω—Ç—É
–û—Ç–ø—Ä–∞–≤–∫–∞
2023-10-03 21:57:47,080 INFO MainKt [main] –ü–æ–¥–∫–ª—é—á–µ–Ω–∏–µ –∫–ª–∏–µ–Ω—Ç–∞...
2023-10-03 21:57:48,421 INFO MainKt [main] –ö–ª–∏–µ–Ω—Ç —É—Å–ø–µ—à–Ω–æ –ø–æ–¥–∫–ª—é—á–µ–Ω
2023-10-03 21:57:48,422 INFO MainKt [main] –ü–æ–ª—É—á–µ–Ω –∑–∞–ø—Ä–æ—Å –æ—Ç –∫–ª–∏–µ–Ω—Ç–∞
2023-10-03 21:57:48,423 INFO MainKt [main] –ì–æ—Ç–æ–≤ –æ—Ç–≤–µ—Ç –∫–ª–∏–µ–Ω—Ç—É
–û—Ç–ø—Ä–∞–≤–∫–∞
2023-10-03 21:57:48,424 INFO MainKt [main] –ü–æ–¥–∫–ª—é—á–µ–Ω–∏–µ –∫–ª–∏–µ–Ω—Ç–∞...
2023-10-03 21:57:50,686 INFO MainKt [main] –ö–ª–∏–µ–Ω—Ç —É—Å–ø–µ—à–Ω–æ –ø–æ–¥–∫–ª—é—á–µ–Ω
2023-10-03 21:57:50,687 INFO MainKt [main] –ü–æ–ª—É—á–µ–Ω –∑–∞–ø—Ä–æ—Å –æ—Ç –∫–ª–∏–µ–Ω—Ç–∞
2023-10-03 21:57:50,688 INFO MainKt [main] –ì–æ—Ç–æ–≤ –æ—Ç–≤–µ—Ç –∫–ª–∏–µ–Ω—Ç—É
–û—Ç–ø—Ä–∞–≤–∫–∞
2023-10-03 21:57:50,689 INFO MainKt [main] –ü–æ–¥–∫–ª—é—á–µ–Ω–∏–µ –∫–ª–∏–µ–Ω—Ç–∞...
2023-10-03 21:57:56,980 INFO MainKt [main] –ö–ª–∏–µ–Ω—Ç —É—Å–ø–µ—à–Ω–æ –ø–æ–¥–∫–ª—é—á–µ–Ω
2023-10-03 21:57:56,981 INFO MainKt [main] –ü–æ–ª—É—á–µ–Ω –∑–∞–ø—Ä–æ—Å –æ—Ç –∫–ª–∏–µ–Ω—Ç–∞
2023-10-03 21:57:56,982 INFO MainKt [main] –ì–æ—Ç–æ–≤ –æ—Ç–≤–µ—Ç –∫–ª–∏–µ–Ω—Ç—É
–û—Ç–ø—Ä–∞–≤–∫–∞
2023-10-03 21:57:56,985 INFO MainKt [main] –ö–ª–∏–µ–Ω—Ç 127.0.0.1 –æ—Ç–∫–ª—é—á–∏–ª—Å—è
2023-10-03 21:57:56,985 INFO MainKt [main] –ü–æ–¥–∫–ª—é—á–µ–Ω–∏–µ –∫–ª–∏–µ–Ω—Ç–∞...
2023-10-03 21:58:14,366 INFO MainKt [main] –ö–ª–∏–µ–Ω—Ç —É—Å–ø–µ—à–Ω–æ –ø–æ–¥–∫–ª—é—á–µ–Ω
2023-10-03 21:58:16,740 INFO MainKt [main] –ü–æ–ª—É—á–µ–Ω –∑–∞–ø—Ä–æ—Å –æ—Ç –∫–ª–∏–µ–Ω—Ç–∞
2023-10-03 21:58:16,765 INFO MainKt [main] –ì–æ—Ç–æ–≤ –æ—Ç–≤–µ—Ç –∫–ª–∏–µ–Ω—Ç—É
–û—Ç–ø—Ä–∞–≤–∫–∞
2023-10-03 21:58:16,766 INFO MainKt [main] –ü–æ–¥–∫–ª—é—á–µ–Ω–∏–µ –∫–ª–∏–µ–Ω—Ç–∞...
2023-10-03 21:58:18,754 INFO MainKt [main] –ö–ª–∏–µ–Ω—Ç —É—Å–ø–µ—à–Ω–æ –ø–æ–¥–∫–ª—é—á–µ–Ω
2023-10-03 21:58:18,755 INFO MainKt [main] –ü–æ–ª—É—á–µ–Ω –∑–∞–ø—Ä–æ—Å –æ—Ç –∫–ª–∏–µ–Ω—Ç–∞
2023-10-03 21:58:18,755 INFO MainKt [main] –ì–æ—Ç–æ–≤ –æ—Ç–≤–µ—Ç –∫–ª–∏–µ–Ω—Ç—É
–û—Ç–ø—Ä–∞–≤–∫–∞
2023-10-03 21:58:18,755 INFO MainKt [main] –ü–æ–¥–∫–ª—é—á–µ–Ω–∏–µ –∫–ª–∏–µ–Ω—Ç–∞...
2023-10-03 21:58:20,320 INFO MainKt [main] –ö–ª–∏–µ–Ω—Ç —É—Å–ø–µ—à–Ω–æ –ø–æ–¥–∫–ª—é—á–µ–Ω
2023-10-03 21:58:20,321 INFO MainKt [main] –ü–æ–ª—É—á–µ–Ω –∑–∞–ø—Ä–æ—Å –æ—Ç –∫–ª–∏–µ–Ω—Ç–∞
2023-10-03 21:58:20,321 INFO MainKt [main] –ì–æ—Ç–æ–≤ –æ—Ç–≤–µ—Ç –∫–ª–∏–µ–Ω—Ç—É
–û—Ç–ø—Ä–∞–≤–∫–∞
2023-10-03 21:58:20,322 INFO MainKt [main] –ü–æ–¥–∫–ª—é—á–µ–Ω–∏–µ –∫–ª–∏–µ–Ω—Ç–∞...
2023-10-03 21:58:34,607 INFO MainKt [main] –ö–ª–∏–µ–Ω—Ç —É—Å–ø–µ—à–Ω–æ –ø–æ–¥–∫–ª—é—á–µ–Ω
2023-10-03 21:58:34,608 INFO MainKt [main] –ü–æ–ª—É—á–µ–Ω –∑–∞–ø—Ä–æ—Å –æ—Ç –∫–ª–∏–µ–Ω—Ç–∞
2023-10-03 21:58:34,611 INFO MainKt [main] –ì–æ—Ç–æ–≤ –æ—Ç–≤–µ—Ç –∫–ª–∏–µ–Ω—Ç—É
–û—Ç–ø—Ä–∞–≤–∫–∞
2023-10-03 21:58:34,612 INFO MainKt [main] –ü–æ–¥–∫–ª—é—á–µ–Ω–∏–µ –∫–ª–∏–µ–Ω—Ç–∞...
2023-10-03 21:58:40,250 INFO MainKt [main] –ö–ª–∏–µ–Ω—Ç —É—Å–ø–µ—à–Ω–æ –ø–æ–¥–∫–ª—é—á–µ–Ω
2023-10-03 21:58:40,251 INFO MainKt [main] –ü–æ–ª—É—á–µ–Ω –∑–∞–ø—Ä–æ—Å –æ—Ç –∫–ª–∏–µ–Ω—Ç–∞
2023-10-03 21:58:40,267 INFO MainKt [main] –ì–æ—Ç–æ–≤ –æ—Ç–≤–µ—Ç –∫–ª–∏–µ–Ω—Ç—É
–û—Ç–ø—Ä–∞–≤–∫–∞
2023-10-03 21:58:40,267 INFO MainKt [main] –ü–æ–¥–∫–ª—é—á–µ–Ω–∏–µ –∫–ª–∏–µ–Ω—Ç–∞...
2023-10-03 22:03:11,526 INFO MainKt [main] –ó–∞–ø—É—Å–∫ —Å–µ—Ä–≤–µ—Ä–∞...
2023-10-03 22:03:11,535 INFO MainKt [main] –°–µ—Ä–≤–µ—Ä —É—Å–ø–µ—à–Ω–æ –∑–∞–ø—É—â–µ–Ω
2023-10-03 22:03:11,535 INFO MainKt [main] –ü–æ–¥–∫–ª—é—á–µ–Ω–∏–µ –∫–ª–∏–µ–Ω—Ç–∞...
2023-10-03 22:03:15,529 INFO MainKt [main] –ö–ª–∏–µ–Ω—Ç —É—Å–ø–µ—à–Ω–æ –ø–æ–¥–∫–ª—é—á–µ–Ω
2023-10-03 22:03:17,957 INFO MainKt [main] –ü–æ–ª—É—á–µ–Ω –∑–∞–ø—Ä–æ—Å –æ—Ç –∫–ª–∏–µ–Ω—Ç–∞
2023-10-03 22:03:18,016 INFO MainKt [main] –ì–æ—Ç–æ–≤ –æ—Ç–≤–µ—Ç –∫–ª–∏–µ–Ω—Ç—É
–û—Ç–ø—Ä–∞–≤–∫–∞
2023-10-03 22:03:18,022 INFO MainKt [main] –ü–æ–¥–∫–ª—é—á–µ–Ω–∏–µ –∫–ª–∏–µ–Ω—Ç–∞...
2023-10-03 22:03:19,824 INFO MainKt [main] –ö–ª–∏–µ–Ω—Ç —É—Å–ø–µ—à–Ω–æ –ø–æ–¥–∫–ª—é—á–µ–Ω
2023-10-03 22:03:19,826 INFO MainKt [main] –ü–æ–ª—É—á–µ–Ω –∑–∞–ø—Ä–æ—Å –æ—Ç –∫–ª–∏–µ–Ω—Ç–∞
2023-10-03 22:03:19,826 INFO MainKt [main] –ì–æ—Ç–æ–≤ –æ—Ç–≤–µ—Ç –∫–ª–∏–µ–Ω—Ç—É
–û—Ç–ø—Ä–∞–≤–∫–∞
2023-10-03 22:03:19,828 INFO MainKt [main] –ü–æ–¥–∫–ª—é—á–µ–Ω–∏–µ –∫–ª–∏–µ–Ω—Ç–∞...
2023-10-03 22:03:21,209 INFO MainKt [main] –ö–ª–∏–µ–Ω—Ç —É—Å–ø–µ—à–Ω–æ –ø–æ–¥–∫–ª—é—á–µ–Ω
2023-10-03 22:03:21,210 INFO MainKt [main] –ü–æ–ª—É—á–µ–Ω –∑–∞–ø—Ä–æ—Å –æ—Ç –∫–ª–∏–µ–Ω—Ç–∞
2023-10-03 22:03:21,211 INFO MainKt [main] –ì–æ—Ç–æ–≤ –æ—Ç–≤–µ—Ç –∫–ª–∏–µ–Ω—Ç—É
–û—Ç–ø—Ä–∞–≤–∫–∞
2023-10-03 22:03:21,212 INFO MainKt [main] –ü–æ–¥–∫–ª—é—á–µ–Ω–∏–µ –∫–ª–∏–µ–Ω—Ç–∞...
2023-10-03 22:03:41,260 INFO MainKt [main] –ó–∞–ø—É—Å–∫ —Å–µ—Ä–≤–µ—Ä–∞...
2023-10-03 22:03:41,267 INFO MainKt [main] –°–µ—Ä–≤–µ—Ä —É—Å–ø–µ—à–Ω–æ –∑–∞–ø—É—â–µ–Ω
2023-10-03 22:03:41,268 INFO MainKt [main] –ü–æ–¥–∫–ª—é—á–µ–Ω–∏–µ –∫–ª–∏–µ–Ω—Ç–∞...
2023-10-03 22:03:52,750 INFO MainKt [main] –ö–ª–∏–µ–Ω—Ç —É—Å–ø–µ—à–Ω–æ –ø–æ–¥–∫–ª—é—á–µ–Ω
2023-10-03 22:03:52,831 INFO MainKt [main] –ü–æ–ª—É—á–µ–Ω –∑–∞–ø—Ä–æ—Å –æ—Ç –∫–ª–∏–µ–Ω—Ç–∞
2023-10-03 22:03:52,833 INFO MainKt [main] –ì–æ—Ç–æ–≤ –æ—Ç–≤–µ—Ç –∫–ª–∏–µ–Ω—Ç—É
–û—Ç–ø—Ä–∞–≤–∫–∞
2023-10-03 22:03:52,838 INFO MainKt [main] –ü–æ–¥–∫–ª—é—á–µ–Ω–∏–µ –∫–ª–∏–µ–Ω—Ç–∞...
2023-10-03 22:04:00,451 INFO MainKt [main] –ö–ª–∏–µ–Ω—Ç —É—Å–ø–µ—à–Ω–æ –ø–æ–¥–∫–ª—é—á–µ–Ω
2023-10-03 22:04:02,446 INFO MainKt [main] –ü–æ–ª—É—á–µ–Ω –∑–∞–ø—Ä–æ—Å –æ—Ç –∫–ª–∏–µ–Ω—Ç–∞
2023-10-03 22:04:02,507 INFO MainKt [main] –ì–æ—Ç–æ–≤ –æ—Ç–≤–µ—Ç –∫–ª–∏–µ–Ω—Ç—É
–û—Ç–ø—Ä–∞–≤–∫–∞
2023-10-03 22:04:02,508 INFO MainKt [main] –ü–æ–¥–∫–ª—é—á–µ–Ω–∏–µ –∫–ª–∏–µ–Ω—Ç–∞...
2023-10-03 22:04:05,231 INFO MainKt [main] –ö–ª–∏–µ–Ω—Ç —É—Å–ø–µ—à–Ω–æ –ø–æ–¥–∫–ª—é—á–µ–Ω
2023-10-03 22:04:05,233 INFO MainKt [main] –ü–æ–ª—É—á–µ–Ω –∑–∞–ø—Ä–æ—Å –æ—Ç –∫–ª–∏–µ–Ω—Ç–∞
2023-10-03 22:04:05,233 INFO MainKt [main] –ì–æ—Ç–æ–≤ –æ—Ç–≤–µ—Ç –∫–ª–∏–µ–Ω—Ç—É
–û—Ç–ø—Ä–∞–≤–∫–∞
2023-10-03 22:04:05,234 INFO MainKt [main] –ö–ª–∏–µ–Ω—Ç 127.0.0.1 –æ—Ç–∫–ª—é—á–∏–ª—Å—è
2023-10-03 22:04:05,234 INFO MainKt [main] –ü–æ–¥–∫–ª—é—á–µ–Ω–∏–µ –∫–ª–∏–µ–Ω—Ç–∞...
2023-10-03 22:04:21,776 INFO MainKt [main] –ö–ª–∏–µ–Ω—Ç —É—Å–ø–µ—à–Ω–æ –ø–æ–¥–∫–ª—é—á–µ–Ω
2023-10-03 22:04:23,186 INFO MainKt [main] –ü–æ–ª—É—á–µ–Ω –∑–∞–ø—Ä–æ—Å –æ—Ç –∫–ª–∏–µ–Ω—Ç–∞
2023-10-03 22:04:23,222 INFO MainKt [main] –ì–æ—Ç–æ–≤ –æ—Ç–≤–µ—Ç –∫–ª–∏–µ–Ω—Ç—É
–û—Ç–ø—Ä–∞–≤–∫–∞
2023-10-03 22:04:23,223 INFO MainKt [main] –ü–æ–¥–∫–ª—é—á–µ–Ω–∏–µ –∫–ª–∏–µ–Ω—Ç–∞...
2023-10-03 22:04:26,874 ERROR MainKt [Thread-0] –û—à–∏–±–∫–∞! –ù–µ–≤–æ–∑–º–æ–∂–Ω–æ —Å–æ—Ö—Ä–∞–Ω–∏—Ç—å!
2023-10-03 22:04:26,874 INFO MainKt [Thread-0] –ó–∞–≤–µ—Ä—à–µ–Ω–∏–µ —Ä–∞–±–æ—Ç—ã —Å–µ—Ä–≤–µ—Ä–∞...
2023-10-03 22:04:26,875 INFO MainKt [Thread-0] –†–∞–±–æ—Ç–∞ —Å–µ—Ä–≤–µ—Ä–∞ –∑–∞–≤–µ—Ä—à–µ–Ω–∞
2023-10-03 22:10:40,386 INFO MainKt [main] –ó–∞–ø—É—Å–∫ —Å–µ—Ä–≤–µ—Ä–∞...
2023-10-03 22:10:40,393 INFO MainKt [main] –°–µ—Ä–≤–µ—Ä —É—Å–ø–µ—à–Ω–æ –∑–∞–ø—É—â–µ–Ω
2023-10-03 22:10:40,393 INFO MainKt [main] –ü–æ–¥–∫–ª—é—á–µ–Ω–∏–µ –∫–ª–∏–µ–Ω—Ç–∞...
2023-10-03 22:10:47,957 INFO MainKt [main] –ö–ª–∏–µ–Ω—Ç —É—Å–ø–µ—à–Ω–æ –ø–æ–¥–∫–ª—é—á–µ–Ω
2023-10-03 22:10:48,036 INFO MainKt [main] –ü–æ–ª—É—á–µ–Ω –∑–∞–ø—Ä–æ—Å –æ—Ç –∫–ª–∏–µ–Ω—Ç–∞
2023-10-03 22:10:48,039 INFO MainKt [main] –ì–æ—Ç–æ–≤ –æ—Ç–≤–µ—Ç –∫–ª–∏–µ–Ω—Ç—É
–û—Ç–ø—Ä–∞–≤–∫–∞
2023-10-03 22:10:48,046 INFO MainKt [main] –ü–æ–¥–∫–ª—é—á–µ–Ω–∏–µ –∫–ª–∏–µ–Ω—Ç–∞...
2023-10-03 22:10:56,195 INFO MainKt [main] –ö–ª–∏–µ–Ω—Ç —É—Å–ø–µ—à–Ω–æ –ø–æ–¥–∫–ª—é—á–µ–Ω
2023-10-03 22:10:57,656 INFO MainKt [main] –ü–æ–ª—É—á–µ–Ω –∑–∞–ø—Ä–æ—Å –æ—Ç –∫–ª–∏–µ–Ω—Ç–∞
2023-10-03 22:10:57,713 INFO MainKt [main] –ì–æ—Ç–æ–≤ –æ—Ç–≤–µ—Ç –∫–ª–∏–µ–Ω—Ç—É
–û—Ç–ø—Ä–∞–≤–∫–∞
2023-10-03 22:10:57,714 INFO MainKt [main] –ü–æ–¥–∫–ª—é—á–µ–Ω–∏–µ –∫–ª–∏–µ–Ω—Ç–∞...
2023-10-03 22:11:01,381 ERROR MainKt [Thread-0] –û—à–∏–±–∫–∞! –ù–µ–≤–æ–∑–º–æ–∂–Ω–æ —Å–æ—Ö—Ä–∞–Ω–∏—Ç—å!
2023-10-03 22:11:01,381 INFO MainKt [Thread-0] –ó–∞–≤–µ—Ä—à–µ–Ω–∏–µ —Ä–∞–±–æ—Ç—ã —Å–µ—Ä–≤–µ—Ä–∞...
2023-10-03 22:11:01,382 INFO MainKt [Thread-0] –†–∞–±–æ—Ç–∞ —Å–µ—Ä–≤–µ—Ä–∞ –∑–∞–≤–µ—Ä—à–µ–Ω–∞
2023-10-03 22:14:40,324 INFO MainKt [main] –ó–∞–ø—É—Å–∫ —Å–µ—Ä–≤–µ—Ä–∞...
2023-10-03 22:14:40,332 INFO MainKt [main] –°–µ—Ä–≤–µ—Ä —É—Å–ø–µ—à–Ω–æ –∑–∞–ø—É—â–µ–Ω
2023-10-03 22:14:40,333 INFO MainKt [main] –ü–æ–¥–∫–ª—é—á–µ–Ω–∏–µ –∫–ª–∏–µ–Ω—Ç–∞...
2023-10-03 22:15:07,293 INFO MainKt [main] –ó–∞–ø—É—Å–∫ —Å–µ—Ä–≤–µ—Ä–∞...
2023-10-03 22:15:07,300 INFO MainKt [main] –°–µ—Ä–≤–µ—Ä —É—Å–ø–µ—à–Ω–æ –∑–∞–ø—É—â–µ–Ω
2023-10-03 22:15:07,300 INFO MainKt [main] –ü–æ–¥–∫–ª—é—á–µ–Ω–∏–µ –∫–ª–∏–µ–Ω—Ç–∞...
2023-10-03 22:15:19,359 INFO MainKt [main] –ö–ª–∏–µ–Ω—Ç —É—Å–ø–µ—à–Ω–æ –ø–æ–¥–∫–ª—é—á–µ–Ω
2023-10-03 22:15:21,187 INFO MainKt [main] –ü–æ–ª—É—á–µ–Ω –∑–∞–ø—Ä–æ—Å –æ—Ç –∫–ª–∏–µ–Ω—Ç–∞
2023-10-03 22:15:21,248 INFO MainKt [main] –ì–æ—Ç–æ–≤ –æ—Ç–≤–µ—Ç –∫–ª–∏–µ–Ω—Ç—É
–û—Ç–ø—Ä–∞–≤–∫–∞
2023-10-03 22:15:21,255 INFO MainKt [main] –ü–æ–¥–∫–ª—é—á–µ–Ω–∏–µ –∫–ª–∏–µ–Ω—Ç–∞...
2023-10-03 22:15:24,676 ERROR MainKt [Thread-0] –û—à–∏–±–∫–∞! –ù–µ–≤–æ–∑–º–æ–∂–Ω–æ —Å–æ—Ö—Ä–∞–Ω–∏—Ç—å!
2023-10-03 22:15:24,676 INFO MainKt [Thread-0] –ó–∞–≤–µ—Ä—à–µ–Ω–∏–µ —Ä–∞–±–æ—Ç—ã —Å–µ—Ä–≤–µ—Ä–∞...
2023-10-03 22:15:24,677 INFO MainKt [Thread-0] –†–∞–±–æ—Ç–∞ —Å–µ—Ä–≤–µ—Ä–∞ –∑–∞–≤–µ—Ä—à–µ–Ω–∞
2023-10-03 22:15:43,688 INFO MainKt [main] –ó–∞–ø—É—Å–∫ —Å–µ—Ä–≤–µ—Ä–∞...
2023-10-03 22:15:43,695 INFO MainKt [main] –°–µ—Ä–≤–µ—Ä —É—Å–ø–µ—à–Ω–æ –∑–∞–ø—É—â–µ–Ω
2023-10-03 22:15:43,695 INFO MainKt [main] –ü–æ–¥–∫–ª—é—á–µ–Ω–∏–µ –∫–ª–∏–µ–Ω—Ç–∞...
2023-10-03 22:15:48,084 INFO MainKt [main] –ö–ª–∏–µ–Ω—Ç —É—Å–ø–µ—à–Ω–æ –ø–æ–¥–∫–ª—é—á–µ–Ω
2023-10-03 22:15:48,096 INFO MainKt [main] –ü–æ–ª—É—á–µ–Ω –∑–∞–ø—Ä–æ—Å –æ—Ç –∫–ª–∏–µ–Ω—Ç–∞
2023-10-03 22:15:48,099 INFO MainKt [main] –ì–æ—Ç–æ–≤ –æ—Ç–≤–µ—Ç –∫–ª–∏–µ–Ω—Ç—É
–û—Ç–ø—Ä–∞–≤–∫–∞
2023-10-03 22:15:48,105 INFO MainKt [main] –ü–æ–¥–∫–ª—é—á–µ–Ω–∏–µ –∫–ª–∏–µ–Ω—Ç–∞...
2023-10-03 22:15:48,106 INFO MainKt [main] –ö–ª–∏–µ–Ω—Ç —É—Å–ø–µ—à–Ω–æ –ø–æ–¥–∫–ª—é—á–µ–Ω
2023-10-03 22:15:48,107 INFO MainKt [main] –ü–æ–ª—É—á–µ–Ω –∑–∞–ø—Ä–æ—Å –æ—Ç –∫–ª–∏–µ–Ω—Ç–∞
2023-10-03 22:15:48,107 INFO MainKt [main] –ì–æ—Ç–æ–≤ –æ—Ç–≤–µ—Ç –∫–ª–∏–µ–Ω—Ç—É
–û—Ç–ø—Ä–∞–≤–∫–∞
2023-10-03 22:15:48,107 INFO MainKt [main] –ü–æ–¥–∫–ª—é—á–µ–Ω–∏–µ –∫–ª–∏–µ–Ω—Ç–∞...
2023-10-03 22:17:12,436 INFO MainKt [main] –ó–∞–ø—É—Å–∫ —Å–µ—Ä–≤–µ—Ä–∞...
2023-10-03 22:17:12,444 INFO MainKt [main] –°–µ—Ä–≤–µ—Ä —É—Å–ø–µ—à–Ω–æ –∑–∞–ø—É—â–µ–Ω
2023-10-03 22:17:12,444 INFO MainKt [main] –ü–æ–¥–∫–ª—é—á–µ–Ω–∏–µ –∫–ª–∏–µ–Ω—Ç–∞...
2023-10-03 22:17:22,819 INFO MainKt [main] –ö–ª–∏–µ–Ω—Ç —É—Å–ø–µ—à–Ω–æ –ø–æ–¥–∫–ª—é—á–µ–Ω
2023-10-03 22:17:25,246 INFO MainKt [main] –ü–æ–ª—É—á–µ–Ω –∑–∞–ø—Ä–æ—Å –æ—Ç –∫–ª–∏–µ–Ω—Ç–∞
2023-10-03 22:17:25,309 INFO MainKt [main] –ì–æ—Ç–æ–≤ –æ—Ç–≤–µ—Ç –∫–ª–∏–µ–Ω—Ç—É
–û—Ç–ø—Ä–∞–≤–∫–∞
2023-10-03 22:17:25,315 INFO MainKt [main] –ü–æ–¥–∫–ª—é—á–µ–Ω–∏–µ –∫–ª–∏–µ–Ω—Ç–∞...
2023-10-03 22:17:29,340 ERROR MainKt [Thread-0] –û—à–∏–±–∫–∞! –ù–µ–≤–æ–∑–º–æ–∂–Ω–æ —Å–æ—Ö—Ä–∞–Ω–∏—Ç—å!
2023-10-03 22:17:29,341 INFO MainKt [Thread-0] –ó–∞–≤–µ—Ä—à–µ–Ω–∏–µ —Ä–∞–±–æ—Ç—ã —Å–µ—Ä–≤–µ—Ä–∞...
2023-10-03 22:17:29,341 INFO MainKt [Thread-0] –†–∞–±–æ—Ç–∞ —Å–µ—Ä–≤–µ—Ä–∞ –∑–∞–≤–µ—Ä—à–µ–Ω–∞
2023-10-03 22:18:09,351 INFO MainKt [main] –ó–∞–ø—É—Å–∫ —Å–µ—Ä–≤–µ—Ä–∞...
2023-10-03 22:18:09,358 INFO MainKt [main] –°–µ—Ä–≤–µ—Ä —É—Å–ø–µ—à–Ω–æ –∑–∞–ø—É—â–µ–Ω
2023-10-03 22:18:09,358 INFO MainKt [main] –ü–æ–¥–∫–ª—é—á–µ–Ω–∏–µ –∫–ª–∏–µ–Ω—Ç–∞...
2023-10-03 22:18:12,407 INFO MainKt [main] –ö–ª–∏–µ–Ω—Ç —É—Å–ø–µ—à–Ω–æ –ø–æ–¥–∫–ª—é—á–µ–Ω
2023-10-03 22:18:14,485 INFO MainKt [main] –ü–æ–ª—É—á–µ–Ω –∑–∞–ø—Ä–æ—Å –æ—Ç –∫–ª–∏–µ–Ω—Ç–∞
2023-10-03 22:18:14,563 INFO MainKt [main] –ì–æ—Ç–æ–≤ –æ—Ç–≤–µ—Ç –∫–ª–∏–µ–Ω—Ç—É
–û—Ç–ø—Ä–∞–≤–∫–∞
2023-10-03 22:18:14,570 INFO MainKt [main] –ü–æ–¥–∫–ª—é—á–µ–Ω–∏–µ –∫–ª–∏–µ–Ω—Ç–∞...
2023-10-03 22:18:16,404 ERROR MainKt [Thread-0] –û—à–∏–±–∫–∞! –ù–µ–≤–æ–∑–º–æ–∂–Ω–æ —Å–æ—Ö—Ä–∞–Ω–∏—Ç—å!
2023-10-03 22:18:16,404 INFO MainKt [Thread-0] –ó–∞–≤–µ—Ä—à–µ–Ω–∏–µ —Ä–∞–±–æ—Ç—ã —Å–µ—Ä–≤–µ—Ä–∞...
2023-10-03 22:18:16,405 INFO MainKt [Thread-0] –†–∞–±–æ—Ç–∞ —Å–µ—Ä–≤–µ—Ä–∞ –∑–∞–≤–µ—Ä—à–µ–Ω–∞
2023-10-03 22:18:39,003 INFO MainKt [main] –ó–∞–ø—É—Å–∫ —Å–µ—Ä–≤–µ—Ä–∞...
2023-10-03 22:18:39,011 INFO MainKt [main] –°–µ—Ä–≤–µ—Ä —É—Å–ø–µ—à–Ω–æ –∑–∞–ø—É—â–µ–Ω
2023-10-03 22:18:39,012 INFO MainKt [main] –ü–æ–¥–∫–ª—é—á–µ–Ω–∏–µ –∫–ª–∏–µ–Ω—Ç–∞...
2023-10-03 22:18:39,989 INFO MainKt [main] –ö–ª–∏–µ–Ω—Ç —É—Å–ø–µ—à–Ω–æ –ø–æ–¥–∫–ª—é—á–µ–Ω
2023-10-03 22:18:40,002 INFO MainKt [main] –ü–æ–ª—É—á–µ–Ω –∑–∞–ø—Ä–æ—Å –æ—Ç –∫–ª–∏–µ–Ω—Ç–∞
2023-10-03 22:18:40,005 INFO MainKt [main] –ì–æ—Ç–æ–≤ –æ—Ç–≤–µ—Ç –∫–ª–∏–µ–Ω—Ç—É
–û—Ç–ø—Ä–∞–≤–∫–∞
2023-10-03 22:18:40,011 INFO MainKt [main] –ü–æ–¥–∫–ª—é—á–µ–Ω–∏–µ –∫–ª–∏–µ–Ω—Ç–∞...
2023-10-03 22:18:40,012 INFO MainKt [main] –ö–ª–∏–µ–Ω—Ç —É—Å–ø–µ—à–Ω–æ –ø–æ–¥–∫–ª—é—á–µ–Ω
2023-10-03 22:18:40,013 INFO MainKt [main] –ü–æ–ª—É—á–µ–Ω –∑–∞–ø—Ä–æ—Å –æ—Ç –∫–ª–∏–µ–Ω—Ç–∞
2023-10-03 22:18:40,013 INFO MainKt [main] –ì–æ—Ç–æ–≤ –æ—Ç–≤–µ—Ç –∫–ª–∏–µ–Ω—Ç—É
–û—Ç–ø—Ä–∞–≤–∫–∞
2023-10-03 22:18:40,013 INFO MainKt [main] –ü–æ–¥–∫–ª—é—á–µ–Ω–∏–µ –∫–ª–∏–µ–Ω—Ç–∞...
2023-10-03 22:18:40,015 INFO MainKt [main] –ö–ª–∏–µ–Ω—Ç —É—Å–ø–µ—à–Ω–æ –ø–æ–¥–∫–ª—é—á–µ–Ω
2023-10-03 22:18:40,016 INFO MainKt [main] –ü–æ–ª—É—á–µ–Ω –∑–∞–ø—Ä–æ—Å –æ—Ç –∫–ª–∏–µ–Ω—Ç–∞
2023-10-03 22:18:40,016 INFO MainKt [main] –ì–æ—Ç–æ–≤ –æ—Ç–≤–µ—Ç –∫–ª–∏–µ–Ω—Ç—É
–û—Ç–ø—Ä–∞–≤–∫–∞
2023-10-03 22:18:40,016 INFO MainKt [main] –ü–æ–¥–∫–ª—é—á–µ–Ω–∏–µ –∫–ª–∏–µ–Ω—Ç–∞...
2023-10-03 22:20:23,797 INFO MainKt [main] –ó–∞–ø—É—Å–∫ —Å–µ—Ä–≤–µ—Ä–∞...
2023-10-03 22:20:23,805 INFO MainKt [main] –°–µ—Ä–≤–µ—Ä —É—Å–ø–µ—à–Ω–æ –∑–∞–ø—É—â–µ–Ω
2023-10-03 22:20:23,805 INFO MainKt [main] –ü–æ–¥–∫–ª—é—á–µ–Ω–∏–µ –∫–ª–∏–µ–Ω—Ç–∞...
2023-10-03 22:20:34,452 INFO MainKt [main] –ö–ª–∏–µ–Ω—Ç —É—Å–ø–µ—à–Ω–æ –ø–æ–¥–∫–ª—é—á–µ–Ω
2023-10-03 22:20:36,239 INFO MainKt [main] –ü–æ–ª—É—á–µ–Ω –∑–∞–ø—Ä–æ—Å –æ—Ç –∫–ª–∏–µ–Ω—Ç–∞
2023-10-03 22:20:36,307 INFO MainKt [main] –ì–æ—Ç–æ–≤ –æ—Ç–≤–µ—Ç –∫–ª–∏–µ–Ω—Ç—É
–û—Ç–ø—Ä–∞–≤–∫–∞
2023-10-03 22:20:36,314 INFO MainKt [main] –ü–æ–¥–∫–ª—é—á–µ–Ω–∏–µ –∫–ª–∏–µ–Ω—Ç–∞...
2023-10-03 22:20:38,394 ERROR MainKt [Thread-0] –û—à–∏–±–∫–∞! –ù–µ–≤–æ–∑–º–æ–∂–Ω–æ —Å–æ—Ö—Ä–∞–Ω–∏—Ç—å!
2023-10-03 22:20:38,394 INFO MainKt [Thread-0] –ó–∞–≤–µ—Ä—à–µ–Ω–∏–µ —Ä–∞–±–æ—Ç—ã —Å–µ—Ä–≤–µ—Ä–∞...
2023-10-03 22:20:38,395 INFO MainKt [Thread-0] –†–∞–±–æ—Ç–∞ —Å–µ—Ä–≤–µ—Ä–∞ –∑–∞–≤–µ—Ä—à–µ–Ω–∞
2023-10-03 22:20:56,145 INFO MainKt [main] –ó–∞–ø—É—Å–∫ —Å–µ—Ä–≤–µ—Ä–∞...
2023-10-03 22:20:56,153 INFO MainKt [main] –°–µ—Ä–≤–µ—Ä —É—Å–ø–µ—à–Ω–æ –∑–∞–ø—É—â–µ–Ω
2023-10-03 22:20:56,153 INFO MainKt [main] –ü–æ–¥–∫–ª—é—á–µ–Ω–∏–µ –∫–ª–∏–µ–Ω—Ç–∞...
2023-10-03 22:20:57,273 INFO MainKt [main] –ö–ª–∏–µ–Ω—Ç —É—Å–ø–µ—à–Ω–æ –ø–æ–¥–∫–ª—é—á–µ–Ω
2023-10-03 22:20:57,287 INFO MainKt [main] –ü–æ–ª—É—á–µ–Ω –∑–∞–ø—Ä–æ—Å –æ—Ç –∫–ª–∏–µ–Ω—Ç–∞
2023-10-03 22:20:57,291 INFO MainKt [main] –ì–æ—Ç–æ–≤ –æ—Ç–≤–µ—Ç –∫–ª–∏–µ–Ω—Ç—É
–û—Ç–ø—Ä–∞–≤–∫–∞
2023-10-03 22:20:57,297 INFO MainKt [main] –ü–æ–¥–∫–ª—é—á–µ–Ω–∏–µ –∫–ª–∏–µ–Ω—Ç–∞...
2023-10-03 22:21:00,922 INFO MainKt [main] –ö–ª–∏–µ–Ω—Ç —É—Å–ø–µ—à–Ω–æ –ø–æ–¥–∫–ª—é—á–µ–Ω
2023-10-03 22:21:00,923 INFO MainKt [main] –ü–æ–ª—É—á–µ–Ω –∑–∞–ø—Ä–æ—Å –æ—Ç –∫–ª–∏–µ–Ω—Ç–∞
2023-10-03 22:21:00,923 INFO MainKt [main] –ì–æ—Ç–æ–≤ –æ—Ç–≤–µ—Ç –∫–ª–∏–µ–Ω—Ç—É
–û—Ç–ø—Ä–∞–≤–∫–∞
2023-10-03 22:21:00,924 INFO MainKt [main] –ü–æ–¥–∫–ª—é—á–µ–Ω–∏–µ –∫–ª–∏–µ–Ω—Ç–∞...
2023-10-03 22:21:06,896 INFO MainKt [main] –ö–ª–∏–µ–Ω—Ç —É—Å–ø–µ—à–Ω–æ –ø–æ–¥–∫–ª—é—á–µ–Ω
2023-10-03 22:21:08,745 INFO MainKt [main] –ü–æ–ª—É—á–µ–Ω –∑–∞–ø—Ä–æ—Å –æ—Ç –∫–ª–∏–µ–Ω—Ç–∞
2023-10-03 22:21:08,797 INFO MainKt [main] –ì–æ—Ç–æ–≤ –æ—Ç–≤–µ—Ç –∫–ª–∏–µ–Ω—Ç—É
–û—Ç–ø—Ä–∞–≤–∫–∞
2023-10-03 22:21:08,798 INFO MainKt [main] –ü–æ–¥–∫–ª—é—á–µ–Ω–∏–µ –∫–ª–∏–µ–Ω—Ç–∞...
2023-10-03 22:21:10,196 INFO MainKt [main] –ö–ª–∏–µ–Ω—Ç —É—Å–ø–µ—à–Ω–æ –ø–æ–¥–∫–ª—é—á–µ–Ω
2023-10-03 22:21:26,553 INFO MainKt [main] –ü–æ–ª—É—á–µ–Ω –∑–∞–ø—Ä–æ—Å –æ—Ç –∫–ª–∏–µ–Ω—Ç–∞
2023-10-03 22:21:26,613 INFO MainKt [main] –ì–æ—Ç–æ–≤ –æ—Ç–≤–µ—Ç –∫–ª–∏–µ–Ω—Ç—É
–û—Ç–ø—Ä–∞–≤–∫–∞
2023-10-03 22:21:26,614 INFO MainKt [main] –ü–æ–¥–∫–ª—é—á–µ–Ω–∏–µ –∫–ª–∏–µ–Ω—Ç–∞...
2023-10-03 22:21:29,968 INFO MainKt [main] –ö–ª–∏–µ–Ω—Ç —É—Å–ø–µ—à–Ω–æ –ø–æ–¥–∫–ª—é—á–µ–Ω
2023-10-03 22:21:29,970 INFO MainKt [main] –ü–æ–ª—É—á–µ–Ω –∑–∞–ø—Ä–æ—Å –æ—Ç –∫–ª–∏–µ–Ω—Ç–∞
2023-10-03 22:21:29,972 INFO MainKt [main] –ì–æ—Ç–æ–≤ –æ—Ç–≤–µ—Ç –∫–ª–∏–µ–Ω—Ç—É
–û—Ç–ø—Ä–∞–≤–∫–∞
2023-10-03 22:21:29,973 INFO MainKt [main] –ü–æ–¥–∫–ª—é—á–µ–Ω–∏–µ –∫–ª–∏–µ–Ω—Ç–∞...
2023-10-03 22:21:38,069 INFO MainKt [main] –ö–ª–∏–µ–Ω—Ç —É—Å–ø–µ—à–Ω–æ –ø–æ–¥–∫–ª—é—á–µ–Ω
2023-10-03 22:21:38,073 INFO MainKt [main] –ü–æ–ª—É—á–µ–Ω –∑–∞–ø—Ä–æ—Å –æ—Ç –∫–ª–∏–µ–Ω—Ç–∞
2023-10-03 22:21:38,073 INFO MainKt [main] –ì–æ—Ç–æ–≤ –æ—Ç–≤–µ—Ç –∫–ª–∏–µ–Ω—Ç—É
–û—Ç–ø—Ä–∞–≤–∫–∞
2023-10-03 22:21:38,074 INFO MainKt [main] –ü–æ–¥–∫–ª—é—á–µ–Ω–∏–µ –∫–ª–∏–µ–Ω—Ç–∞...
2023-10-03 22:21:47,995 INFO MainKt [main] –ö–ª–∏–µ–Ω—Ç —É—Å–ø–µ—à–Ω–æ –ø–æ–¥–∫–ª—é—á–µ–Ω
2023-10-03 22:21:47,996 INFO MainKt [main] –ü–æ–ª—É—á–µ–Ω –∑–∞–ø—Ä–æ—Å –æ—Ç –∫–ª–∏–µ–Ω—Ç–∞
2023-10-03 22:21:48,022 INFO MainKt [main] –ì–æ—Ç–æ–≤ –æ—Ç–≤–µ—Ç –∫–ª–∏–µ–Ω—Ç—É
–û—Ç–ø—Ä–∞–≤–∫–∞
2023-10-03 22:21:48,023 INFO MainKt [main] –ü–æ–¥–∫–ª—é—á–µ–Ω–∏–µ –∫–ª–∏–µ–Ω—Ç–∞...
2023-10-03 22:21:50,359 INFO MainKt [main] –ö–ª–∏–µ–Ω—Ç —É—Å–ø–µ—à–Ω–æ –ø–æ–¥–∫–ª—é—á–µ–Ω
2023-10-03 22:21:50,361 INFO MainKt [main] –ü–æ–ª—É—á–µ–Ω –∑–∞–ø—Ä–æ—Å –æ—Ç –∫–ª–∏–µ–Ω—Ç–∞
2023-10-03 22:21:50,362 INFO MainKt [main] –ì–æ—Ç–æ–≤ –æ—Ç–≤–µ—Ç –∫–ª–∏–µ–Ω—Ç—É
–û—Ç–ø—Ä–∞–≤–∫–∞
2023-10-03 22:21:50,363 INFO MainKt [main] –ü–æ–¥–∫–ª—é—á–µ–Ω–∏–µ –∫–ª–∏–µ–Ω—Ç–∞...
2023-10-03 22:21:54,734 INFO MainKt [main] –ö–ª–∏–µ–Ω—Ç —É—Å–ø–µ—à–Ω–æ –ø–æ–¥–∫–ª—é—á–µ–Ω
2023-10-03 22:21:54,735 INFO MainKt [main] –ü–æ–ª—É—á–µ–Ω –∑–∞–ø—Ä–æ—Å –æ—Ç –∫–ª–∏–µ–Ω—Ç–∞
2023-10-03 22:21:54,787 INFO MainKt [main] –ì–æ—Ç–æ–≤ –æ—Ç–≤–µ—Ç –∫–ª–∏–µ–Ω—Ç—É
–û—Ç–ø—Ä–∞–≤–∫–∞
2023-10-03 22:21:54,788 INFO MainKt [main] –ü–æ–¥–∫–ª—é—á–µ–Ω–∏–µ –∫–ª–∏–µ–Ω—Ç–∞...
2023-10-03 22:21:56,624 INFO MainKt [main] –ö–ª–∏–µ–Ω—Ç —É—Å–ø–µ—à–Ω–æ –ø–æ–¥–∫–ª—é—á–µ–Ω
2023-10-03 22:21:56,625 INFO MainKt [main] –ü–æ–ª—É—á–µ–Ω –∑–∞–ø—Ä–æ—Å –æ—Ç –∫–ª–∏–µ–Ω—Ç–∞
2023-10-03 22:21:56,625 INFO MainKt [main] –ì–æ—Ç–æ–≤ –æ—Ç–≤–µ—Ç –∫–ª–∏–µ–Ω—Ç—É
–û—Ç–ø—Ä–∞–≤–∫–∞
2023-10-03 22:21:56,626 INFO MainKt [main] –ü–æ–¥–∫–ª—é—á–µ–Ω–∏–µ –∫–ª–∏–µ–Ω—Ç–∞...
2023-10-03 22:21:59,178 INFO MainKt [main] –ö–ª–∏–µ–Ω—Ç —É—Å–ø–µ—à–Ω–æ –ø–æ–¥–∫–ª—é—á–µ–Ω
2023-10-03 22:21:59,179 INFO MainKt [main] –ü–æ–ª—É—á–µ–Ω –∑–∞–ø—Ä–æ—Å –æ—Ç –∫–ª–∏–µ–Ω—Ç–∞
2023-10-03 22:21:59,180 INFO MainKt [main] –ì–æ—Ç–æ–≤ –æ—Ç–≤–µ—Ç –∫–ª–∏–µ–Ω—Ç—É
–û—Ç–ø—Ä–∞–≤–∫–∞
2023-10-03 22:21:59,180 INFO MainKt [main] –ü–æ–¥–∫–ª—é—á–µ–Ω–∏–µ –∫–ª–∏–µ–Ω—Ç–∞...
2023-10-03 22:22:02,858 INFO MainKt [main] –ö–ª–∏–µ–Ω—Ç —É—Å–ø–µ—à–Ω–æ –ø–æ–¥–∫–ª—é—á–µ–Ω
2023-10-03 22:22:02,859 INFO MainKt [main] –ü–æ–ª—É—á–µ–Ω –∑–∞–ø—Ä–æ—Å –æ—Ç –∫–ª–∏–µ–Ω—Ç–∞
2023-10-03 22:22:02,859 INFO MainKt [main] –ì–æ—Ç–æ–≤ –æ—Ç–≤–µ—Ç –∫–ª–∏–µ–Ω—Ç—É
–û—Ç–ø—Ä–∞–≤–∫–∞
2023-10-03 22:22:02,860 INFO MainKt [main] –ö–ª–∏–µ–Ω—Ç 127.0.0.1 –æ—Ç–∫–ª—é—á–∏–ª—Å—è
2023-10-03 22:22:02,861 INFO MainKt [main] –ü–æ–¥–∫–ª—é—á–µ–Ω–∏–µ –∫–ª–∏–µ–Ω—Ç–∞...
2023-10-03 22:22:06,137 ERROR MainKt [Thread-0] –û—à–∏–±–∫–∞! –ù–µ–≤–æ–∑–º–æ–∂–Ω–æ —Å–æ—Ö—Ä–∞–Ω–∏—Ç—å!
2023-10-03 22:22:06,137 INFO MainKt [Thread-0] –ó–∞–≤–µ—Ä—à–µ–Ω–∏–µ —Ä–∞–±–æ—Ç—ã —Å–µ—Ä–≤–µ—Ä–∞...
2023-10-03 22:22:06,138 INFO MainKt [Thread-0] –†–∞–±–æ—Ç–∞ —Å–µ—Ä–≤–µ—Ä–∞ –∑–∞–≤–µ—Ä—à–µ–Ω–∞
2023-10-03 22:24:47,798 INFO MainKt [main] «‡ÔÛÒÍ ÒÂ‚Â‡...
2023-10-03 22:24:47,804 INFO MainKt [main] —Â‚Â ÛÒÔÂ¯ÌÓ Á‡ÔÛ˘ÂÌ
2023-10-03 22:24:47,805 INFO MainKt [main] œÓ‰ÍÎ˛˜ÂÌËÂ ÍÎËÂÌÚ‡...
